[TRACE] 2020-03-24 06:59:32.192 [http-nio-8080-exec-5] businessLogger - UserListCommand: user list sent to user id: 13 username: brownEyes
[TRACE] 2020-03-24 06:59:45.643 [http-nio-8080-exec-2] businessLogger - UserListCommand: user list sent to user id: 13 username: brownEyes
[TRACE] 2020-03-24 07:06:48.917 [http-nio-8080-exec-4] businessLogger - ReimbursmentListCommand: data retrieved by user: User [id=13, username=brownEyes, firstName=null, lastName=null, email=brownX@gmail.com, role=UserRole [id=2, role=Admin]] with parameters- filter by user: User [id=3, username=bugsBunny, firstName=Bugs, lastName=Bunny, email=bugs@gmail.com, role=UserRole [id=1, role=Employee]] limit: 20 offset: 0 status: ReimbursmentStatus [id=2, status=Approved]
[TRACE] 2020-03-24 07:07:23.980 [http-nio-8080-exec-2] businessLogger - ReimbursmentListCommand: data retrieved by user: User [id=13, username=brownEyes, firstName=null, lastName=null, email=brownX@gmail.com, role=UserRole [id=2, role=Admin]] with parameters- filter by user: User [id=3, username=bugsBunny, firstName=Bugs, lastName=Bunny, email=bugs@gmail.com, role=UserRole [id=1, role=Employee]] limit: 20 offset: 0 status: ReimbursmentStatus [id=2, status=Approved]
[TRACE] 2020-03-24 07:07:35.579 [http-nio-8080-exec-4] businessLogger - ReimbursmentListCommand: data retrieved by user: User [id=13, username=brownEyes, firstName=null, lastName=null, email=brownX@gmail.com, role=UserRole [id=2, role=Admin]] with parameters- filter by user: User [id=3, username=bugsBunny, firstName=Bugs, lastName=Bunny, email=bugs@gmail.com, role=UserRole [id=1, role=Employee]] limit: 5 offset: 5 status: ReimbursmentStatus [id=2, status=Approved]
[TRACE] 2020-03-24 07:07:46.340 [http-nio-8080-exec-7] businessLogger - ReimbursmentListCommand: data retrieved by user: User [id=13, username=brownEyes, firstName=null, lastName=null, email=brownX@gmail.com, role=UserRole [id=2, role=Admin]] with parameters- filter by user: User [id=3, username=bugsBunny, firstName=Bugs, lastName=Bunny, email=bugs@gmail.com, role=UserRole [id=1, role=Employee]] limit: 5 offset: 2 status: ReimbursmentStatus [id=2, status=Approved]
[TRACE] 2020-03-24 07:08:15.275 [http-nio-8080-exec-10] businessLogger - ReimbursmentListCommand: data retrieved by user: User [id=13, username=brownEyes, firstName=null, lastName=null, email=brownX@gmail.com, role=UserRole [id=2, role=Admin]] with parameters- filter by user: User [id=4, username=rudolphRed, firstName=null, lastName=null, email=rudolph@gmail.com, role=UserRole [id=1, role=Employee]] limit: 5 offset: 2 status: ReimbursmentStatus [id=2, status=Approved]
[TRACE] 2020-03-24 07:14:20.644 [http-nio-8080-exec-3] businessLogger - ReimbursmentListCommand: data retrieved by user: User [id=13, username=brownEyes, firstName=null, lastName=null, email=brownX@gmail.com, role=UserRole [id=2, role=Admin]] with parameters- filter by user: User [id=4, username=rudolphRed, firstName=null, lastName=null, email=rudolph@gmail.com, role=UserRole [id=1, role=Employee]] limit: 5 offset: 2 status: ReimbursmentStatus [id=2, status=Approved]
[TRACE] 2020-03-24 07:14:30.942 [http-nio-8080-exec-6] businessLogger - ReimbursmentListCommand: data retrieved by user: User [id=13, username=brownEyes, firstName=null, lastName=null, email=brownX@gmail.com, role=UserRole [id=2, role=Admin]] with parameters- filter by user: User [id=4, username=rudolphRed, firstName=null, lastName=null, email=rudolph@gmail.com, role=UserRole [id=1, role=Employee]] limit: 20 offset: 2 status: ReimbursmentStatus [id=2, status=Approved]
[TRACE] 2020-03-24 07:15:19.156 [http-nio-8080-exec-8] businessLogger - ReimbursmentListCommand: data retrieved by user: User [id=13, username=brownEyes, firstName=null, lastName=null, email=brownX@gmail.com, role=UserRole [id=2, role=Admin]] with parameters- filter by user: User [id=15, username=bugs3, firstName=null, lastName=null, email=whatsupdock@gmail.com, role=null] limit: 20 offset: 0 status: ReimbursmentStatus [id=2, status=Approved]
[TRACE] 2020-03-24 07:16:24.043 [http-nio-8080-exec-10] businessLogger - ReimbursmentListCommand: data retrieved by user: User [id=13, username=brownEyes, firstName=null, lastName=null, email=brownX@gmail.com, role=UserRole [id=2, role=Admin]] with parameters- filter by user: User [id=15, username=bugs3, firstName=null, lastName=null, email=whatsupdock@gmail.com, role=null] limit: 20 offset: 0 status: ReimbursmentStatus [id=2, status=Approved]
[TRACE] 2020-03-24 07:16:51.919 [http-nio-8080-exec-4] businessLogger - ReimbursmentListCommand: data retrieved by user: User [id=13, username=brownEyes, firstName=null, lastName=null, email=brownX@gmail.com, role=UserRole [id=2, role=Admin]] with parameters- filter by user: User [id=3, username=bugsBunny, firstName=Bugs, lastName=Bunny, email=bugs@gmail.com, role=UserRole [id=1, role=Employee]] limit: 20 offset: 0 status: ReimbursmentStatus [id=2, status=Approved]
[TRACE] 2020-03-24 07:17:07.144 [http-nio-8080-exec-9] businessLogger - UserListCommand: user list sent to user id: 13 username: brownEyes
[TRACE] 2020-03-24 07:17:15.190 [http-nio-8080-exec-2] businessLogger - ReimbursmentListCommand: data retrieved by user: User [id=13, username=brownEyes, firstName=null, lastName=null, email=brownX@gmail.com, role=UserRole [id=2, role=Admin]] with parameters- filter by user: User [id=3, username=bugsBunny, firstName=Bugs, lastName=Bunny, email=bugs@gmail.com, role=UserRole [id=1, role=Employee]] limit: 20 offset: 0 status: ReimbursmentStatus [id=2, status=Approved]
[TRACE] 2020-03-24 07:26:09.454 [http-nio-8080-exec-6] businessLogger - UserListCommand: user list sent to user id: 13 username: brownEyes
[TRACE] 2020-03-24 07:28:26.966 [http-nio-8080-exec-1] businessLogger - ReimbursmentStatusListCommand: types retrieved.
[TRACE] 2020-03-24 07:28:29.049 [http-nio-8080-exec-2] businessLogger - UserListCommand: user list sent to user id: 13 username: brownEyes
[TRACE] 2020-03-24 07:28:53.874 [http-nio-8080-exec-6] businessLogger - ReimbursmentStatusListCommand: types retrieved.
[TRACE] 2020-03-24 07:28:55.942 [http-nio-8080-exec-10] businessLogger - UserListCommand: user list sent to user id: 13 username: brownEyes
[TRACE] 2020-03-24 07:29:10.057 [http-nio-8080-exec-3] businessLogger - ReimbursmentListCommand: data retrieved by user: User [id=13, username=brownEyes, firstName=null, lastName=null, email=brownX@gmail.com, role=UserRole [id=2, role=Admin]] with parameters- filter by user: User [id=3, username=bugsBunny, firstName=Bugs, lastName=Bunny, email=bugs@gmail.com, role=UserRole [id=1, role=Employee]] limit: 20 offset: 0 status: ReimbursmentStatus [id=0, status={
  "id": 1,
  "status": "Pending"
}]
[TRACE] 2020-03-24 07:30:16.633 [http-nio-8080-exec-7] businessLogger - ReimbursmentStatusListCommand: types retrieved.
[TRACE] 2020-03-24 07:30:18.795 [http-nio-8080-exec-10] businessLogger - UserListCommand: user list sent to user id: 13 username: brownEyes
[TRACE] 2020-03-24 07:30:31.468 [http-nio-8080-exec-4] businessLogger - ReimbursmentListCommand: data retrieved by user: User [id=13, username=brownEyes, firstName=null, lastName=null, email=brownX@gmail.com, role=UserRole [id=2, role=Admin]] with parameters- filter by user: User [id=3, username=bugsBunny, firstName=Bugs, lastName=Bunny, email=bugs@gmail.com, role=UserRole [id=1, role=Employee]] limit: 20 offset: 0 status: ReimbursmentStatus [id=3, status=Denied]
[TRACE] 2020-03-24 07:30:41.953 [http-nio-8080-exec-9] businessLogger - ReimbursmentListCommand: data retrieved by user: User [id=13, username=brownEyes, firstName=null, lastName=null, email=brownX@gmail.com, role=UserRole [id=2, role=Admin]] with parameters- filter by user: User [id=3, username=bugsBunny, firstName=Bugs, lastName=Bunny, email=bugs@gmail.com, role=UserRole [id=1, role=Employee]] limit: 20 offset: 0 status: ReimbursmentStatus [id=2, status=Approved]
[TRACE] 2020-03-24 07:30:49.148 [http-nio-8080-exec-8] businessLogger - ReimbursmentListCommand: data retrieved by user: User [id=13, username=brownEyes, firstName=null, lastName=null, email=brownX@gmail.com, role=UserRole [id=2, role=Admin]] with parameters- filter by user: User [id=3, username=bugsBunny, firstName=Bugs, lastName=Bunny, email=bugs@gmail.com, role=UserRole [id=1, role=Employee]] limit: 20 offset: 0 status: ReimbursmentStatus [id=1, status=Pending]
[TRACE] 2020-03-24 07:31:30.206 [http-nio-8080-exec-1] businessLogger - ReimbursmentStatusListCommand: types retrieved.
[TRACE] 2020-03-24 07:31:32.515 [http-nio-8080-exec-4] businessLogger - UserListCommand: user list sent to user id: 13 username: brownEyes
[TRACE] 2020-03-24 07:31:46.538 [http-nio-8080-exec-6] businessLogger - ReimbursmentListCommand: data retrieved by user: User [id=13, username=brownEyes, firstName=null, lastName=null, email=brownX@gmail.com, role=UserRole [id=2, role=Admin]] with parameters- filter by user: User [id=3, username=bugsBunny, firstName=Bugs, lastName=Bunny, email=bugs@gmail.com, role=UserRole [id=1, role=Employee]] limit: 20 offset: 0 status: ReimbursmentStatus [id=1, status=Pending]
[TRACE] 2020-03-24 07:34:42.979 [http-nio-8080-exec-10] businessLogger - ReimbursmentStatusListCommand: types retrieved.
[TRACE] 2020-03-24 07:34:45.250 [http-nio-8080-exec-5] businessLogger - UserListCommand: user list sent to user id: 13 username: brownEyes
[TRACE] 2020-03-24 07:36:44.978 [http-nio-8080-exec-7] businessLogger - ReimbursmentStatusListCommand: types retrieved.
[TRACE] 2020-03-24 07:36:45.726 [http-nio-8080-exec-2] businessLogger - ReimbursmentListCommand: data retrieved by user: User [id=13, username=brownEyes, firstName=null, lastName=null, email=brownX@gmail.com, role=UserRole [id=2, role=Admin]] with parameters- filter by user: User [id=0, username=, firstName=, lastName=, email=, role=UserRole [id=0, role=]] limit: 20 offset: 0 status: ReimbursmentStatus [id=0, status=]
[TRACE] 2020-03-24 07:36:47.395 [http-nio-8080-exec-1] businessLogger - UserListCommand: user list sent to user id: 13 username: brownEyes
[TRACE] 2020-03-24 07:37:14.535 [http-nio-8080-exec-6] businessLogger - ReimbursmentListCommand: data retrieved by user: User [id=13, username=brownEyes, firstName=null, lastName=null, email=brownX@gmail.com, role=UserRole [id=2, role=Admin]] with parameters- filter by user: User [id=3, username=bugsBunny, firstName=Bugs, lastName=Bunny, email=bugs@gmail.com, role=UserRole [id=1, role=Employee]] limit: 20 offset: 0 status: ReimbursmentStatus [id=0, status=]
[TRACE] 2020-03-24 07:37:23.504 [http-nio-8080-exec-3] businessLogger - ReimbursmentListCommand: data retrieved by user: User [id=13, username=brownEyes, firstName=null, lastName=null, email=brownX@gmail.com, role=UserRole [id=2, role=Admin]] with parameters- filter by user: User [id=3, username=bugsBunny, firstName=Bugs, lastName=Bunny, email=bugs@gmail.com, role=UserRole [id=1, role=Employee]] limit: 20 offset: 0 status: ReimbursmentStatus [id=3, status=Denied]
[TRACE] 2020-03-24 07:37:49.705 [http-nio-8080-exec-7] businessLogger - ReimbursmentStatusListCommand: types retrieved.
[TRACE] 2020-03-24 07:37:50.419 [http-nio-8080-exec-1] businessLogger - ReimbursmentListCommand: data retrieved by user: User [id=13, username=brownEyes, firstName=null, lastName=null, email=brownX@gmail.com, role=UserRole [id=2, role=Admin]] with parameters- filter by user: User [id=0, username=, firstName=, lastName=, email=, role=UserRole [id=0, role=]] limit: 20 offset: 0 status: ReimbursmentStatus [id=0, status=]
[TRACE] 2020-03-24 07:37:52.164 [http-nio-8080-exec-10] businessLogger - UserListCommand: user list sent to user id: 13 username: brownEyes
[TRACE] 2020-03-24 07:38:05.192 [http-nio-8080-exec-5] businessLogger - ReimbursmentStatusListCommand: types retrieved.
[TRACE] 2020-03-24 07:38:05.896 [http-nio-8080-exec-9] businessLogger - ReimbursmentListCommand: data retrieved by user: User [id=13, username=brownEyes, firstName=null, lastName=null, email=brownX@gmail.com, role=UserRole [id=2, role=Admin]] with parameters- filter by user: User [id=0, username=, firstName=, lastName=, email=, role=UserRole [id=0, role=]] limit: 20 offset: 0 status: ReimbursmentStatus [id=0, status=]
[TRACE] 2020-03-24 07:38:07.722 [http-nio-8080-exec-6] businessLogger - UserListCommand: user list sent to user id: 13 username: brownEyes
[TRACE] 2020-03-24 07:38:18.790 [http-nio-8080-exec-3] businessLogger - ReimbursmentListCommand: data retrieved by user: User [id=13, username=brownEyes, firstName=null, lastName=null, email=brownX@gmail.com, role=UserRole [id=2, role=Admin]] with parameters- filter by user: User [id=3, username=bugsBunny, firstName=Bugs, lastName=Bunny, email=bugs@gmail.com, role=UserRole [id=1, role=Employee]] limit: 20 offset: 0 status: ReimbursmentStatus [id=0, status=]
[TRACE] 2020-03-24 07:38:38.238 [http-nio-8080-exec-7] businessLogger - ReimbursmentStatusListCommand: types retrieved.
[TRACE] 2020-03-24 07:38:38.640 [http-nio-8080-exec-10] businessLogger - ReimbursmentListCommand: data retrieved by user: User [id=13, username=brownEyes, firstName=null, lastName=null, email=brownX@gmail.com, role=UserRole [id=2, role=Admin]] with parameters- filter by user: User [id=0, username=, firstName=, lastName=, email=, role=UserRole [id=0, role=]] limit: 20 offset: 0 status: ReimbursmentStatus [id=0, status=]
[TRACE] 2020-03-24 07:38:39.101 [http-nio-8080-exec-8] businessLogger - ReimbursmentStatusListCommand: types retrieved.
[TRACE] 2020-03-24 07:38:39.928 [http-nio-8080-exec-5] businessLogger - ReimbursmentListCommand: data retrieved by user: User [id=13, username=brownEyes, firstName=null, lastName=null, email=brownX@gmail.com, role=UserRole [id=2, role=Admin]] with parameters- filter by user: User [id=0, username=, firstName=, lastName=, email=, role=UserRole [id=0, role=]] limit: 20 offset: 0 status: ReimbursmentStatus [id=0, status=]
[TRACE] 2020-03-24 07:38:41.498 [http-nio-8080-exec-6] businessLogger - UserListCommand: user list sent to user id: 13 username: brownEyes
[TRACE] 2020-03-24 07:38:49.106 [http-nio-8080-exec-7] businessLogger - ReimbursmentListCommand: data retrieved by user: User [id=13, username=brownEyes, firstName=null, lastName=null, email=brownX@gmail.com, role=UserRole [id=2, role=Admin]] with parameters- filter by user: User [id=3, username=bugsBunny, firstName=Bugs, lastName=Bunny, email=bugs@gmail.com, role=UserRole [id=1, role=Employee]] limit: 20 offset: 0 status: ReimbursmentStatus [id=0, status=]
[TRACE] 2020-03-24 07:39:47.320 [http-nio-8080-exec-9] businessLogger - ReimbursmentStatusListCommand: types retrieved.
[TRACE] 2020-03-24 07:39:48.041 [http-nio-8080-exec-5] businessLogger - ReimbursmentListCommand: data retrieved by user: User [id=13, username=brownEyes, firstName=null, lastName=null, email=brownX@gmail.com, role=UserRole [id=2, role=Admin]] with parameters- filter by user: User [id=0, username=, firstName=, lastName=, email=, role=UserRole [id=0, role=]] limit: 20 offset: 0 status: ReimbursmentStatus [id=0, status=]
[TRACE] 2020-03-24 07:39:49.772 [http-nio-8080-exec-2] businessLogger - UserListCommand: user list sent to user id: 13 username: brownEyes
[TRACE] 2020-03-24 07:39:57.500 [http-nio-8080-exec-4] businessLogger - ReimbursmentListCommand: data retrieved by user: User [id=13, username=brownEyes, firstName=null, lastName=null, email=brownX@gmail.com, role=UserRole [id=2, role=Admin]] with parameters- filter by user: User [id=4, username=rudolphRed, firstName=null, lastName=null, email=rudolph@gmail.com, role=UserRole [id=1, role=Employee]] limit: 20 offset: 0 status: ReimbursmentStatus [id=0, status=]
[TRACE] 2020-03-24 07:40:02.036 [http-nio-8080-exec-1] businessLogger - ReimbursmentListCommand: data retrieved by user: User [id=13, username=brownEyes, firstName=null, lastName=null, email=brownX@gmail.com, role=UserRole [id=2, role=Admin]] with parameters- filter by user: User [id=0, username=, firstName=, lastName=, email=, role=UserRole [id=0, role=]] limit: 20 offset: 0 status: ReimbursmentStatus [id=0, status=]
[TRACE] 2020-03-24 07:40:07.477 [http-nio-8080-exec-7] businessLogger - ReimbursmentListCommand: data retrieved by user: User [id=13, username=brownEyes, firstName=null, lastName=null, email=brownX@gmail.com, role=UserRole [id=2, role=Admin]] with parameters- filter by user: User [id=0, username=, firstName=, lastName=, email=, role=UserRole [id=0, role=]] limit: 20 offset: 0 status: ReimbursmentStatus [id=3, status=Denied]
[TRACE] 2020-03-24 07:40:11.799 [http-nio-8080-exec-9] businessLogger - ReimbursmentListCommand: data retrieved by user: User [id=13, username=brownEyes, firstName=null, lastName=null, email=brownX@gmail.com, role=UserRole [id=2, role=Admin]] with parameters- filter by user: User [id=0, username=, firstName=, lastName=, email=, role=UserRole [id=0, role=]] limit: 20 offset: 0 status: ReimbursmentStatus [id=0, status=]
[TRACE] 2020-03-24 07:40:22.161 [http-nio-8080-exec-2] businessLogger - ReimbursmentListCommand: data retrieved by user: User [id=13, username=brownEyes, firstName=null, lastName=null, email=brownX@gmail.com, role=UserRole [id=2, role=Admin]] with parameters- filter by user: User [id=0, username=, firstName=, lastName=, email=, role=UserRole [id=0, role=]] limit: 20 offset: 50 status: ReimbursmentStatus [id=0, status=]
[TRACE] 2020-03-24 08:21:56.299 [http-nio-8080-exec-4] businessLogger - ReimbursmentTypeListCommand: types retrieved.
[TRACE] 2020-03-24 08:22:34.790 [http-nio-8080-exec-10] businessLogger - ReimbursmentTypeListCommand: types retrieved.
[TRACE] 2020-03-24 08:23:31.839 [http-nio-8080-exec-6] businessLogger - ReimbursmentTypeListCommand: types retrieved.
[TRACE] 2020-03-24 08:24:50.764 [http-nio-8080-exec-9] businessLogger - ReimbursmentTypeListCommand: types retrieved.
[TRACE] 2020-03-24 08:25:11.706 [http-nio-8080-exec-2] businessLogger - ReimbursmentTypeListCommand: types retrieved.
[TRACE] 2020-03-24 08:26:10.847 [http-nio-8080-exec-4] businessLogger - ReimbursmentTypeListCommand: types retrieved.
[TRACE] 2020-03-24 08:27:23.236 [http-nio-8080-exec-10] businessLogger - ReimbursmentTypeListCommand: types retrieved.
[TRACE] 2020-03-24 08:28:27.863 [http-nio-8080-exec-6] businessLogger - ReimbursmentTypeListCommand: types retrieved.
[TRACE] 2020-03-24 08:32:15.013 [http-nio-8080-exec-9] businessLogger - ReimbursmentStatusListCommand: types retrieved.
[TRACE] 2020-03-24 08:32:15.720 [http-nio-8080-exec-2] businessLogger - ReimbursmentListCommand: data retrieved by user: User [id=13, username=brownEyes, firstName=null, lastName=null, email=brownX@gmail.com, role=UserRole [id=2, role=Admin]] with parameters- filter by user: User [id=0, username=, firstName=, lastName=, email=, role=UserRole [id=0, role=]] limit: 20 offset: 0 status: ReimbursmentStatus [id=0, status=]
[TRACE] 2020-03-24 08:32:17.498 [http-nio-8080-exec-4] businessLogger - UserListCommand: user list sent to user id: 13 username: brownEyes
[TRACE] 2020-03-24 08:36:06.997 [http-nio-8080-exec-6] businessLogger - ReimbursmentStatusListCommand: types retrieved.
[TRACE] 2020-03-24 08:36:07.733 [http-nio-8080-exec-5] businessLogger - ReimbursmentListCommand: data retrieved by user: User [id=13, username=brownEyes, firstName=null, lastName=null, email=brownX@gmail.com, role=UserRole [id=2, role=Admin]] with parameters- filter by user: User [id=0, username=, firstName=, lastName=, email=, role=UserRole [id=0, role=]] limit: 20 offset: 0 status: ReimbursmentStatus [id=0, status=]
[TRACE] 2020-03-24 08:36:09.500 [http-nio-8080-exec-9] businessLogger - UserListCommand: user list sent to user id: 13 username: brownEyes
[TRACE] 2020-03-24 08:37:55.118 [http-nio-8080-exec-10] businessLogger - ReimbursmentTypeListCommand: types retrieved.
[TRACE] 2020-03-24 08:38:41.078 [http-nio-8080-exec-8] businessLogger - ReimbursmentTypeListCommand: types retrieved.
[TRACE] 2020-03-24 09:05:19.471 [http-nio-8080-exec-3] businessLogger - ReimbursmentTypeListCommand: types retrieved.
[TRACE] 2020-03-24 10:14:58.306 [http-nio-8080-exec-5] businessLogger - ReimbursmentTypeListCommand: types retrieved.
[TRACE] 2020-03-24 10:35:28.162 [http-nio-8080-exec-5] businessLogger - ReimbursmentTypeListCommand: types retrieved.
[TRACE] 2020-03-24 10:35:41.671 [http-nio-8080-exec-7] businessLogger - ReimbursmentCommand: User: User [id=13, username=brownEyes, firstName=null, lastName=null, email=brownX@gmail.com, role=UserRole [id=2, role=Admin]] created reimbursment: Reimbursment [id=134, amount=15.34, description=That expensive thing, submitted=null, resolved=null, author=User [id=13, username=brownEyes, firstName=null, lastName=null, email=brownX@gmail.com, role=UserRole [id=2, role=Admin]], resolver=null, status=ReimbursmentStatus [id=1, status=Pending], type=ReimbursmentType [id=3, type=Lodging]]
[TRACE] 2020-03-24 10:36:11.928 [http-nio-8080-exec-9] businessLogger - ReimbursmentCommand: User: User [id=13, username=brownEyes, firstName=null, lastName=null, email=brownX@gmail.com, role=UserRole [id=2, role=Admin]] created reimbursment: Reimbursment [id=135, amount=15345.45, description=That expensive thing, submitted=null, resolved=null, author=User [id=13, username=brownEyes, firstName=null, lastName=null, email=brownX@gmail.com, role=UserRole [id=2, role=Admin]], resolver=null, status=ReimbursmentStatus [id=1, status=Pending], type=ReimbursmentType [id=2, type=Food]]
[TRACE] 2020-03-24 10:36:27.368 [http-nio-8080-exec-2] businessLogger - ReimbursmentCommand: User: User [id=13, username=brownEyes, firstName=null, lastName=null, email=brownX@gmail.com, role=UserRole [id=2, role=Admin]] created reimbursment: Reimbursment [id=136, amount=9325.0, description=That expensive thing, submitted=null, resolved=null, author=User [id=13, username=brownEyes, firstName=null, lastName=null, email=brownX@gmail.com, role=UserRole [id=2, role=Admin]], resolver=null, status=ReimbursmentStatus [id=1, status=Pending], type=ReimbursmentType [id=3, type=Lodging]]
[TRACE] 2020-03-24 10:36:31.431 [http-nio-8080-exec-4] businessLogger - ReimbursmentStatusListCommand: types retrieved.
[TRACE] 2020-03-24 10:36:33.087 [http-nio-8080-exec-8] businessLogger - ReimbursmentListCommand: data retrieved by user: User [id=13, username=brownEyes, firstName=null, lastName=null, email=brownX@gmail.com, role=UserRole [id=2, role=Admin]] with parameters- filter by user: User [id=0, username=, firstName=, lastName=, email=, role=UserRole [id=0, role=]] limit: 20 offset: 0 status: ReimbursmentStatus [id=0, status=]
[TRACE] 2020-03-24 10:36:34.883 [http-nio-8080-exec-7] businessLogger - UserListCommand: user list sent to user id: 13 username: brownEyes
[TRACE] 2020-03-24 10:36:40.534 [http-nio-8080-exec-9] businessLogger - ReimbursmentListCommand: data retrieved by user: User [id=13, username=brownEyes, firstName=null, lastName=null, email=brownX@gmail.com, role=UserRole [id=2, role=Admin]] with parameters- filter by user: User [id=13, username=brownEyes, firstName=null, lastName=null, email=brownX@gmail.com, role=UserRole [id=2, role=Admin]] limit: 20 offset: 0 status: ReimbursmentStatus [id=0, status=]
[TRACE] 2020-03-24 13:15:37.951 [http-nio-8080-exec-16] businessLogger - UserListCommand: user list sent to user id: 13 username: brownEyes
[TRACE] 2020-03-24 13:15:37.951 [http-nio-8080-exec-17] businessLogger - ReimbursmentListCommand: data retrieved by user: User [id=13, username=brownEyes, firstName=null, lastName=null, email=brownX@gmail.com, role=UserRole [id=2, role=Admin]] with parameters- filter by user: User [id=0, username=, firstName=, lastName=, email=, role=UserRole [id=0, role=]] limit: 20 offset: 0 status: ReimbursmentStatus [id=0, status=]
[TRACE] 2020-03-24 13:15:46.202 [http-nio-8080-exec-18] businessLogger - ReimbursmentStatusListCommand: types retrieved.
[TRACE] 2020-03-24 13:20:04.325 [http-nio-8080-exec-16] businessLogger - ReimbursmentStatusListCommand: types retrieved.
[TRACE] 2020-03-24 13:20:04.813 [http-nio-8080-exec-19] businessLogger - ReimbursmentListCommand: data retrieved by user: User [id=3, username=bugsBunny, firstName=Bugs, lastName=Bunny, email=bugs@gmail.com, role=UserRole [id=1, role=Employee]] with parameters- filter by user: User [id=3, username=bugsBunny, firstName=Bugs, lastName=Bunny, email=bugs@gmail.com, role=UserRole [id=1, role=Employee]] limit: 20 offset: 0 status: ReimbursmentStatus [id=0, status=]
[TRACE] 2020-03-24 13:20:07.827 [http-nio-8080-exec-20] businessLogger - ReimbursmentStatusListCommand: types retrieved.
[TRACE] 2020-03-24 13:20:08.309 [http-nio-8080-exec-18] businessLogger - ReimbursmentListCommand: data retrieved by user: User [id=3, username=bugsBunny, firstName=Bugs, lastName=Bunny, email=bugs@gmail.com, role=UserRole [id=1, role=Employee]] with parameters- filter by user: User [id=3, username=bugsBunny, firstName=Bugs, lastName=Bunny, email=bugs@gmail.com, role=UserRole [id=1, role=Employee]] limit: 20 offset: 0 status: ReimbursmentStatus [id=0, status=]
[TRACE] 2020-03-24 13:20:42.705 [http-nio-8080-exec-12] businessLogger - ReimbursmentStatusListCommand: types retrieved.
[TRACE] 2020-03-24 13:20:43.129 [http-nio-8080-exec-13] businessLogger - ReimbursmentListCommand: data retrieved by user: User [id=3, username=bugsBunny, firstName=Bugs, lastName=Bunny, email=bugs@gmail.com, role=UserRole [id=1, role=Employee]] with parameters- filter by user: User [id=3, username=bugsBunny, firstName=Bugs, lastName=Bunny, email=bugs@gmail.com, role=UserRole [id=1, role=Employee]] limit: 20 offset: 0 status: ReimbursmentStatus [id=0, status=]
[TRACE] 2020-03-24 13:20:53.963 [http-nio-8080-exec-14] businessLogger - ReimbursmentStatusListCommand: types retrieved.
[TRACE] 2020-03-24 14:07:10.173 [http-nio-8080-exec-13] businessLogger - ReimbursmentStatusListCommand: types retrieved.
[TRACE] 2020-03-24 14:07:10.951 [http-nio-8080-exec-16] businessLogger - ReimbursmentListCommand: data retrieved by user: User [id=13, username=brownEyes, firstName=null, lastName=null, email=brownX@gmail.com, role=UserRole [id=2, role=Admin]] with parameters- filter by user: User [id=0, username=, firstName=, lastName=, email=, role=UserRole [id=0, role=]] limit: 20 offset: 0 status: ReimbursmentStatus [id=0, status=]
[TRACE] 2020-03-24 14:07:12.884 [http-nio-8080-exec-19] businessLogger - UserListCommand: user list sent to user id: 13 username: brownEyes
[TRACE] 2020-03-24 14:07:19.665 [http-nio-8080-exec-18] businessLogger - ReimbursmentListCommand: data retrieved by user: User [id=13, username=brownEyes, firstName=null, lastName=null, email=brownX@gmail.com, role=UserRole [id=2, role=Admin]] with parameters- filter by user: User [id=13, username=brownEyes, firstName=null, lastName=null, email=brownX@gmail.com, role=UserRole [id=2, role=Admin]] limit: 20 offset: 0 status: ReimbursmentStatus [id=0, status=]
[TRACE] 2020-03-24 14:07:28.677 [http-nio-8080-exec-15] businessLogger - ReimbursmentListCommand: data retrieved by user: User [id=13, username=brownEyes, firstName=null, lastName=null, email=brownX@gmail.com, role=UserRole [id=2, role=Admin]] with parameters- filter by user: User [id=3, username=bugsBunny, firstName=Bugs, lastName=Bunny, email=bugs@gmail.com, role=UserRole [id=1, role=Employee]] limit: 10 offset: 0 status: ReimbursmentStatus [id=0, status=]
[TRACE] 2020-03-24 14:07:35.228 [http-nio-8080-exec-13] businessLogger - ReimbursmentListCommand: data retrieved by user: User [id=13, username=brownEyes, firstName=null, lastName=null, email=brownX@gmail.com, role=UserRole [id=2, role=Admin]] with parameters- filter by user: User [id=3, username=bugsBunny, firstName=Bugs, lastName=Bunny, email=bugs@gmail.com, role=UserRole [id=1, role=Employee]] limit: 10 offset: 20 status: ReimbursmentStatus [id=0, status=]
[TRACE] 2020-03-24 14:08:31.387 [http-nio-8080-exec-19] businessLogger - ReimbursmentStatusListCommand: types retrieved.
[TRACE] 2020-03-24 14:08:32.198 [http-nio-8080-exec-18] businessLogger - ReimbursmentListCommand: data retrieved by user: User [id=13, username=brownEyes, firstName=null, lastName=null, email=brownX@gmail.com, role=UserRole [id=2, role=Admin]] with parameters- filter by user: User [id=0, username=, firstName=, lastName=, email=, role=UserRole [id=0, role=]] limit: 20 offset: 0 status: ReimbursmentStatus [id=0, status=]
[TRACE] 2020-03-24 14:08:34.146 [http-nio-8080-exec-15] businessLogger - UserListCommand: user list sent to user id: 13 username: brownEyes
[TRACE] 2020-03-24 14:12:41.284 [http-nio-8080-exec-13] businessLogger - ReimbursmentTypeListCommand: types retrieved.
[TRACE] 2020-03-24 14:16:37.768 [http-nio-8080-exec-11] businessLogger - ReimbursmentTypeListCommand: types retrieved.
[TRACE] 2020-03-24 14:16:48.642 [http-nio-8080-exec-15] businessLogger - ReimbursmentCommand: User: User [id=13, username=brownEyes, firstName=null, lastName=null, email=brownX@gmail.com, role=UserRole [id=2, role=Admin]] created reimbursment: Reimbursment [id=138, amount=0.0, description=null, submitted=null, resolved=null, author=User [id=13, username=brownEyes, firstName=null, lastName=null, email=brownX@gmail.com, role=UserRole [id=2, role=Admin]], resolver=null, status=ReimbursmentStatus [id=1, status=Pending], type=ReimbursmentType [id=3, type=Lodging]]
[TRACE] 2020-03-24 17:37:49.714 [http-nio-8080-exec-17] businessLogger - ReimbursmentStatusListCommand: types retrieved.
[TRACE] 2020-03-24 17:37:50.213 [http-nio-8080-exec-16] businessLogger - ReimbursmentListCommand: data retrieved by user: User [id=13, username=brownEyes, firstName=null, lastName=null, email=brownX@gmail.com, role=UserRole [id=2, role=Admin]] with parameters- filter by user: User [id=0, username=, firstName=, lastName=, email=, role=UserRole [id=0, role=]] limit: 20 offset: 0 status: ReimbursmentStatus [id=0, status=]
[TRACE] 2020-03-24 17:37:52.368 [http-nio-8080-exec-20] businessLogger - UserListCommand: user list sent to user id: 13 username: brownEyes
[TRACE] 2020-03-24 17:43:45.655 [http-nio-8080-exec-15] businessLogger - ReimbursmentStatusListCommand: types retrieved.
[TRACE] 2020-03-24 17:59:20.334 [http-nio-8080-exec-11] businessLogger - ReimbursmentStatusListCommand: types retrieved.
[TRACE] 2020-03-24 17:59:20.854 [http-nio-8080-exec-19] businessLogger - ReimbursmentListCommand: data retrieved by user: User [id=3, username=bugsBunny, firstName=Bugs, lastName=Bunny, email=bugs@gmail.com, role=UserRole [id=1, role=Employee]] with parameters- filter by user: User [id=3, username=bugsBunny, firstName=Bugs, lastName=Bunny, email=bugs@gmail.com, role=UserRole [id=1, role=Employee]] limit: 20 offset: 0 status: ReimbursmentStatus [id=0, status=]
[TRACE] 2020-03-24 18:01:46.973 [http-nio-8080-exec-15] businessLogger - ReimbursmentStatusListCommand: types retrieved.
[TRACE] 2020-03-24 18:01:47.576 [http-nio-8080-exec-13] businessLogger - ReimbursmentListCommand: data retrieved by user: User [id=3, username=bugsBunny, firstName=Bugs, lastName=Bunny, email=bugs@gmail.com, role=UserRole [id=1, role=Employee]] with parameters- filter by user: User [id=3, username=bugsBunny, firstName=Bugs, lastName=Bunny, email=bugs@gmail.com, role=UserRole [id=1, role=Employee]] limit: 20 offset: 0 status: ReimbursmentStatus [id=0, status=]
[TRACE] 2020-03-24 18:03:00.999 [http-nio-8080-exec-11] businessLogger - ReimbursmentStatusListCommand: types retrieved.
[TRACE] 2020-03-24 18:03:01.491 [http-nio-8080-exec-19] businessLogger - ReimbursmentListCommand: data retrieved by user: User [id=3, username=bugsBunny, firstName=Bugs, lastName=Bunny, email=bugs@gmail.com, role=UserRole [id=1, role=Employee]] with parameters- filter by user: User [id=3, username=bugsBunny, firstName=Bugs, lastName=Bunny, email=bugs@gmail.com, role=UserRole [id=1, role=Employee]] limit: 20 offset: 0 status: ReimbursmentStatus [id=0, status=]
[TRACE] 2020-03-24 18:03:58.389 [http-nio-8080-exec-14] businessLogger - ReimbursmentStatusListCommand: types retrieved.
[TRACE] 2020-03-24 18:03:58.871 [http-nio-8080-exec-13] businessLogger - ReimbursmentListCommand: data retrieved by user: User [id=3, username=bugsBunny, firstName=Bugs, lastName=Bunny, email=bugs@gmail.com, role=UserRole [id=1, role=Employee]] with parameters- filter by user: User [id=3, username=bugsBunny, firstName=Bugs, lastName=Bunny, email=bugs@gmail.com, role=UserRole [id=1, role=Employee]] limit: 20 offset: 0 status: ReimbursmentStatus [id=0, status=]
[TRACE] 2020-03-24 18:04:14.237 [http-nio-8080-exec-17] businessLogger - ReimbursmentStatusListCommand: types retrieved.
[TRACE] 2020-03-24 18:04:14.730 [http-nio-8080-exec-20] businessLogger - ReimbursmentListCommand: data retrieved by user: User [id=3, username=bugsBunny, firstName=Bugs, lastName=Bunny, email=bugs@gmail.com, role=UserRole [id=1, role=Employee]] with parameters- filter by user: User [id=3, username=bugsBunny, firstName=Bugs, lastName=Bunny, email=bugs@gmail.com, role=UserRole [id=1, role=Employee]] limit: 20 offset: 0 status: ReimbursmentStatus [id=0, status=]
[TRACE] 2020-03-24 18:33:53.292 [http-nio-8080-exec-20] businessLogger - ReimbursmentGetCommand: User: User [id=3, username=bugsBunny, firstName=Bugs, lastName=Bunny, email=bugs@gmail.com, role=UserRole [id=1, role=Employee]] retrieved reimbursment: Reimbursment [id=107, amount=6.46, description=null, submitted=2020-03-24, resolved=2020-03-30, author=User [id=3, username=bugsBunny, firstName=Bugs, lastName=Bunny, email=bugs@gmail.com, role=UserRole [id=1, role=Employee]], resolver=User [id=13, username=brownEyes, firstName=null, lastName=null, email=brownX@gmail.com, role=UserRole [id=2, role=Admin]], status=ReimbursmentStatus [id=3, status=Denied], type=ReimbursmentType [id=1, type=Equipment]]
[TRACE] 2020-03-24 18:33:53.756 [http-nio-8080-exec-19] businessLogger - ReimbursmentTypeListCommand: types retrieved.
[TRACE] 2020-03-24 18:34:04.677 [http-nio-8080-exec-11] businessLogger - ReimbursmentStatusListCommand: types retrieved.
[TRACE] 2020-03-24 18:34:05.077 [http-nio-8080-exec-12] businessLogger - ReimbursmentListCommand: data retrieved by user: User [id=3, username=bugsBunny, firstName=Bugs, lastName=Bunny, email=bugs@gmail.com, role=UserRole [id=1, role=Employee]] with parameters- filter by user: User [id=3, username=bugsBunny, firstName=Bugs, lastName=Bunny, email=bugs@gmail.com, role=UserRole [id=1, role=Employee]] limit: 20 offset: 0 status: ReimbursmentStatus [id=0, status=]
[TRACE] 2020-03-24 18:34:07.678 [http-nio-8080-exec-14] businessLogger - ReimbursmentGetCommand: User: User [id=3, username=bugsBunny, firstName=Bugs, lastName=Bunny, email=bugs@gmail.com, role=UserRole [id=1, role=Employee]] retrieved reimbursment: Reimbursment [id=130, amount=30.29, description=null, submitted=2020-03-24, resolved=2020-03-31, author=User [id=3, username=bugsBunny, firstName=Bugs, lastName=Bunny, email=bugs@gmail.com, role=UserRole [id=1, role=Employee]], resolver=User [id=13, username=brownEyes, firstName=null, lastName=null, email=brownX@gmail.com, role=UserRole [id=2, role=Admin]], status=ReimbursmentStatus [id=3, status=Denied], type=ReimbursmentType [id=1, type=Equipment]]
[TRACE] 2020-03-24 18:34:08.071 [http-nio-8080-exec-13] businessLogger - ReimbursmentTypeListCommand: types retrieved.
[TRACE] 2020-03-24 20:40:52.849 [http-nio-8080-exec-19] businessLogger - ReimbursmentGetCommand: User: User [id=3, username=bugsBunny, firstName=Bugs, lastName=Bunny, email=bugs@gmail.com, role=UserRole [id=1, role=Employee]] retrieved reimbursment: Reimbursment [id=130, amount=30.29, description=null, submitted=2020-03-24, resolved=2020-03-31, author=User [id=3, username=bugsBunny, firstName=Bugs, lastName=Bunny, email=bugs@gmail.com, role=UserRole [id=1, role=Employee]], resolver=User [id=13, username=brownEyes, firstName=null, lastName=null, email=brownX@gmail.com, role=UserRole [id=2, role=Admin]], status=ReimbursmentStatus [id=3, status=Denied], type=ReimbursmentType [id=1, type=Equipment]]
[TRACE] 2020-03-24 20:40:53.274 [http-nio-8080-exec-18] businessLogger - ReimbursmentTypeListCommand: types retrieved.
[TRACE] 2020-03-24 20:44:03.148 [http-nio-8080-exec-12] businessLogger - ReimbursmentStatusListCommand: types retrieved.
[TRACE] 2020-03-24 20:44:03.600 [http-nio-8080-exec-14] businessLogger - ReimbursmentListCommand: data retrieved by user: User [id=3, username=bugsBunny, firstName=Bugs, lastName=Bunny, email=bugs@gmail.com, role=UserRole [id=1, role=Employee]] with parameters- filter by user: User [id=3, username=bugsBunny, firstName=Bugs, lastName=Bunny, email=bugs@gmail.com, role=UserRole [id=1, role=Employee]] limit: 20 offset: 0 status: ReimbursmentStatus [id=0, status=]
[TRACE] 2020-03-24 20:44:06.175 [http-nio-8080-exec-16] businessLogger - ReimbursmentGetCommand: User: User [id=3, username=bugsBunny, firstName=Bugs, lastName=Bunny, email=bugs@gmail.com, role=UserRole [id=1, role=Employee]] retrieved reimbursment: Reimbursment [id=78, amount=38.95, description=null, submitted=2020-03-24, resolved=2020-04-07, author=User [id=3, username=bugsBunny, firstName=Bugs, lastName=Bunny, email=bugs@gmail.com, role=UserRole [id=1, role=Employee]], resolver=User [id=13, username=brownEyes, firstName=null, lastName=null, email=brownX@gmail.com, role=UserRole [id=2, role=Admin]], status=ReimbursmentStatus [id=3, status=Denied], type=ReimbursmentType [id=4, type=Other]]
[TRACE] 2020-03-24 20:44:06.618 [http-nio-8080-exec-17] businessLogger - ReimbursmentTypeListCommand: types retrieved.
[TRACE] 2020-03-24 20:44:10.070 [http-nio-8080-exec-20] businessLogger - ReimbursmentStatusListCommand: types retrieved.
[TRACE] 2020-03-24 20:44:10.489 [http-nio-8080-exec-18] businessLogger - ReimbursmentListCommand: data retrieved by user: User [id=3, username=bugsBunny, firstName=Bugs, lastName=Bunny, email=bugs@gmail.com, role=UserRole [id=1, role=Employee]] with parameters- filter by user: User [id=3, username=bugsBunny, firstName=Bugs, lastName=Bunny, email=bugs@gmail.com, role=UserRole [id=1, role=Employee]] limit: 20 offset: 0 status: ReimbursmentStatus [id=0, status=]
[TRACE] 2020-03-24 20:44:16.269 [http-nio-8080-exec-15] businessLogger - ReimbursmentGetCommand: User: User [id=3, username=bugsBunny, firstName=Bugs, lastName=Bunny, email=bugs@gmail.com, role=UserRole [id=1, role=Employee]] retrieved reimbursment: Reimbursment [id=95, amount=47.65, description=null, submitted=2020-03-24, resolved=2020-03-29, author=User [id=3, username=bugsBunny, firstName=Bugs, lastName=Bunny, email=bugs@gmail.com, role=UserRole [id=1, role=Employee]], resolver=User [id=13, username=brownEyes, firstName=null, lastName=null, email=brownX@gmail.com, role=UserRole [id=2, role=Admin]], status=ReimbursmentStatus [id=3, status=Denied], type=ReimbursmentType [id=5, type=Training]]
[TRACE] 2020-03-24 20:44:16.653 [http-nio-8080-exec-12] businessLogger - ReimbursmentTypeListCommand: types retrieved.
[TRACE] 2020-03-24 20:44:23.356 [http-nio-8080-exec-14] businessLogger - ReimbursmentStatusListCommand: types retrieved.
[TRACE] 2020-03-24 20:44:23.796 [http-nio-8080-exec-16] businessLogger - ReimbursmentListCommand: data retrieved by user: User [id=3, username=bugsBunny, firstName=Bugs, lastName=Bunny, email=bugs@gmail.com, role=UserRole [id=1, role=Employee]] with parameters- filter by user: User [id=3, username=bugsBunny, firstName=Bugs, lastName=Bunny, email=bugs@gmail.com, role=UserRole [id=1, role=Employee]] limit: 20 offset: 0 status: ReimbursmentStatus [id=0, status=]
[TRACE] 2020-03-24 20:44:36.661 [http-nio-8080-exec-17] businessLogger - ReimbursmentTypeListCommand: types retrieved.
[TRACE] 2020-03-24 20:44:46.896 [http-nio-8080-exec-18] businessLogger - ReimbursmentCommand: User: User [id=3, username=bugsBunny, firstName=Bugs, lastName=Bunny, email=bugs@gmail.com, role=UserRole [id=1, role=Employee]] created reimbursment: Reimbursment [id=139, amount=15.31, description=That expensive thing, submitted=null, resolved=null, author=User [id=3, username=bugsBunny, firstName=Bugs, lastName=Bunny, email=bugs@gmail.com, role=UserRole [id=1, role=Employee]], resolver=null, status=ReimbursmentStatus [id=1, status=Pending], type=ReimbursmentType [id=2, type=Food]]
[TRACE] 2020-03-24 20:44:49.509 [http-nio-8080-exec-11] businessLogger - ReimbursmentStatusListCommand: types retrieved.
[TRACE] 2020-03-24 20:44:49.945 [http-nio-8080-exec-12] businessLogger - ReimbursmentListCommand: data retrieved by user: User [id=3, username=bugsBunny, firstName=Bugs, lastName=Bunny, email=bugs@gmail.com, role=UserRole [id=1, role=Employee]] with parameters- filter by user: User [id=3, username=bugsBunny, firstName=Bugs, lastName=Bunny, email=bugs@gmail.com, role=UserRole [id=1, role=Employee]] limit: 20 offset: 0 status: ReimbursmentStatus [id=0, status=]
[TRACE] 2020-03-24 20:45:03.922 [http-nio-8080-exec-14] businessLogger - ReimbursmentListCommand: data retrieved by user: User [id=3, username=bugsBunny, firstName=Bugs, lastName=Bunny, email=bugs@gmail.com, role=UserRole [id=1, role=Employee]] with parameters- filter by user: User [id=3, username=bugsBunny, firstName=Bugs, lastName=Bunny, email=bugs@gmail.com, role=UserRole [id=1, role=Employee]] limit: 100 offset: 0 status: ReimbursmentStatus [id=0, status=]
[TRACE] 2020-03-24 20:45:08.245 [http-nio-8080-exec-17] businessLogger - ReimbursmentGetCommand: User: User [id=3, username=bugsBunny, firstName=Bugs, lastName=Bunny, email=bugs@gmail.com, role=UserRole [id=1, role=Employee]] retrieved reimbursment: Reimbursment [id=139, amount=15.31, description=That expensive thing, submitted=2020-03-24, resolved=null, author=User [id=3, username=bugsBunny, firstName=Bugs, lastName=Bunny, email=bugs@gmail.com, role=UserRole [id=1, role=Employee]], resolver=User [id=0, username=null, firstName=null, lastName=null, email=null, role=null], status=ReimbursmentStatus [id=1, status=Pending], type=ReimbursmentType [id=2, type=Food]]
[TRACE] 2020-03-24 20:45:08.625 [http-nio-8080-exec-19] businessLogger - ReimbursmentTypeListCommand: types retrieved.
[TRACE] 2020-03-24 21:01:07.166 [http-nio-8080-exec-11] businessLogger - ReimbursmentGetCommand: User: User [id=3, username=bugsBunny, firstName=Bugs, lastName=Bunny, email=bugs@gmail.com, role=UserRole [id=1, role=Employee]] retrieved reimbursment: Reimbursment [id=139, amount=15.31, description=That expensive thing, submitted=2020-03-24, resolved=null, author=User [id=3, username=bugsBunny, firstName=Bugs, lastName=Bunny, email=bugs@gmail.com, role=UserRole [id=1, role=Employee]], resolver=User [id=0, username=null, firstName=null, lastName=null, email=null, role=null], status=ReimbursmentStatus [id=1, status=Pending], type=ReimbursmentType [id=2, type=Food]]
[TRACE] 2020-03-24 21:01:07.608 [http-nio-8080-exec-12] businessLogger - ReimbursmentTypeListCommand: types retrieved.
[TRACE] 2020-03-24 21:02:53.519 [http-nio-8080-exec-16] businessLogger - ReimbursmentGetCommand: User: User [id=3, username=bugsBunny, firstName=Bugs, lastName=Bunny, email=bugs@gmail.com, role=UserRole [id=1, role=Employee]] retrieved reimbursment: Reimbursment [id=139, amount=15.31, description=That expensive thing, submitted=2020-03-24, resolved=null, author=User [id=3, username=bugsBunny, firstName=Bugs, lastName=Bunny, email=bugs@gmail.com, role=UserRole [id=1, role=Employee]], resolver=User [id=0, username=null, firstName=null, lastName=null, email=null, role=null], status=ReimbursmentStatus [id=1, status=Pending], type=ReimbursmentType [id=2, type=Food]]
[TRACE] 2020-03-24 21:02:53.855 [http-nio-8080-exec-17] businessLogger - ReimbursmentTypeListCommand: types retrieved.
[TRACE] 2020-03-24 21:03:06.424 [http-nio-8080-exec-19] businessLogger - ReimbursmentStatusListCommand: types retrieved.
[TRACE] 2020-03-24 21:03:06.918 [http-nio-8080-exec-18] businessLogger - ReimbursmentListCommand: data retrieved by user: User [id=3, username=bugsBunny, firstName=Bugs, lastName=Bunny, email=bugs@gmail.com, role=UserRole [id=1, role=Employee]] with parameters- filter by user: User [id=3, username=bugsBunny, firstName=Bugs, lastName=Bunny, email=bugs@gmail.com, role=UserRole [id=1, role=Employee]] limit: 20 offset: 0 status: ReimbursmentStatus [id=0, status=]
[TRACE] 2020-03-24 21:03:11.978 [http-nio-8080-exec-11] businessLogger - ReimbursmentGetCommand: User: User [id=3, username=bugsBunny, firstName=Bugs, lastName=Bunny, email=bugs@gmail.com, role=UserRole [id=1, role=Employee]] retrieved reimbursment: Reimbursment [id=109, amount=91.08, description=null, submitted=2020-03-24, resolved=2020-04-09, author=User [id=3, username=bugsBunny, firstName=Bugs, lastName=Bunny, email=bugs@gmail.com, role=UserRole [id=1, role=Employee]], resolver=User [id=14, username=orangeSpin, firstName=null, lastName=null, email=tropical@gmail.com, role=UserRole [id=2, role=Admin]], status=ReimbursmentStatus [id=2, status=Approved], type=ReimbursmentType [id=6, type=Travel]]
[TRACE] 2020-03-24 21:03:12.331 [http-nio-8080-exec-12] businessLogger - ReimbursmentTypeListCommand: types retrieved.
[TRACE] 2020-03-24 21:03:49.781 [http-nio-8080-exec-16] businessLogger - ReimbursmentGetCommand: User: User [id=3, username=bugsBunny, firstName=Bugs, lastName=Bunny, email=bugs@gmail.com, role=UserRole [id=1, role=Employee]] retrieved reimbursment: Reimbursment [id=109, amount=91.08, description=null, submitted=2020-03-24, resolved=2020-04-09, author=User [id=3, username=bugsBunny, firstName=Bugs, lastName=Bunny, email=bugs@gmail.com, role=UserRole [id=1, role=Employee]], resolver=User [id=14, username=orangeSpin, firstName=null, lastName=null, email=tropical@gmail.com, role=UserRole [id=2, role=Admin]], status=ReimbursmentStatus [id=2, status=Approved], type=ReimbursmentType [id=6, type=Travel]]
[TRACE] 2020-03-24 21:03:50.166 [http-nio-8080-exec-17] businessLogger - ReimbursmentTypeListCommand: types retrieved.
[TRACE] 2020-03-24 21:04:23.217 [http-nio-8080-exec-18] businessLogger - ReimbursmentGetCommand: User: User [id=3, username=bugsBunny, firstName=Bugs, lastName=Bunny, email=bugs@gmail.com, role=UserRole [id=1, role=Employee]] retrieved reimbursment: Reimbursment [id=109, amount=91.08, description=null, submitted=2020-03-24, resolved=2020-04-09, author=User [id=3, username=bugsBunny, firstName=Bugs, lastName=Bunny, email=bugs@gmail.com, role=UserRole [id=1, role=Employee]], resolver=User [id=14, username=orangeSpin, firstName=null, lastName=null, email=tropical@gmail.com, role=UserRole [id=2, role=Admin]], status=ReimbursmentStatus [id=2, status=Approved], type=ReimbursmentType [id=6, type=Travel]]
[TRACE] 2020-03-24 21:04:23.683 [http-nio-8080-exec-15] businessLogger - ReimbursmentTypeListCommand: types retrieved.
[TRACE] 2020-03-24 21:05:02.401 [http-nio-8080-exec-13] businessLogger - ReimbursmentGetCommand: User: User [id=3, username=bugsBunny, firstName=Bugs, lastName=Bunny, email=bugs@gmail.com, role=UserRole [id=1, role=Employee]] retrieved reimbursment: Reimbursment [id=109, amount=91.08, description=null, submitted=2020-03-24, resolved=2020-04-09, author=User [id=3, username=bugsBunny, firstName=Bugs, lastName=Bunny, email=bugs@gmail.com, role=UserRole [id=1, role=Employee]], resolver=User [id=14, username=orangeSpin, firstName=null, lastName=null, email=tropical@gmail.com, role=UserRole [id=2, role=Admin]], status=ReimbursmentStatus [id=2, status=Approved], type=ReimbursmentType [id=6, type=Travel]]
[TRACE] 2020-03-24 21:05:02.805 [http-nio-8080-exec-14] businessLogger - ReimbursmentTypeListCommand: types retrieved.
[TRACE] 2020-03-24 21:06:32.150 [http-nio-8080-exec-20] businessLogger - ReimbursmentGetCommand: User: User [id=3, username=bugsBunny, firstName=Bugs, lastName=Bunny, email=bugs@gmail.com, role=UserRole [id=1, role=Employee]] retrieved reimbursment: Reimbursment [id=109, amount=91.08, description=null, submitted=2020-03-24, resolved=2020-04-09, author=User [id=3, username=bugsBunny, firstName=Bugs, lastName=Bunny, email=bugs@gmail.com, role=UserRole [id=1, role=Employee]], resolver=User [id=14, username=orangeSpin, firstName=null, lastName=null, email=tropical@gmail.com, role=UserRole [id=2, role=Admin]], status=ReimbursmentStatus [id=2, status=Approved], type=ReimbursmentType [id=6, type=Travel]]
[TRACE] 2020-03-24 21:06:32.587 [http-nio-8080-exec-19] businessLogger - ReimbursmentTypeListCommand: types retrieved.
[TRACE] 2020-03-24 21:09:58.977 [http-nio-8080-exec-11] businessLogger - ReimbursmentGetCommand: User: User [id=3, username=bugsBunny, firstName=Bugs, lastName=Bunny, email=bugs@gmail.com, role=UserRole [id=1, role=Employee]] retrieved reimbursment: Reimbursment [id=109, amount=91.08, description=null, submitted=2020-03-24, resolved=2020-04-09, author=User [id=3, username=bugsBunny, firstName=Bugs, lastName=Bunny, email=bugs@gmail.com, role=UserRole [id=1, role=Employee]], resolver=User [id=14, username=orangeSpin, firstName=null, lastName=null, email=tropical@gmail.com, role=UserRole [id=2, role=Admin]], status=ReimbursmentStatus [id=2, status=Approved], type=ReimbursmentType [id=6, type=Travel]]
[TRACE] 2020-03-24 21:09:59.509 [http-nio-8080-exec-12] businessLogger - ReimbursmentTypeListCommand: types retrieved.
[TRACE] 2020-03-24 21:11:57.096 [http-nio-8080-exec-16] businessLogger - ReimbursmentGetCommand: User: User [id=3, username=bugsBunny, firstName=Bugs, lastName=Bunny, email=bugs@gmail.com, role=UserRole [id=1, role=Employee]] retrieved reimbursment: Reimbursment [id=109, amount=91.08, description=null, submitted=2020-03-24, resolved=2020-04-09, author=User [id=3, username=bugsBunny, firstName=Bugs, lastName=Bunny, email=bugs@gmail.com, role=UserRole [id=1, role=Employee]], resolver=User [id=14, username=orangeSpin, firstName=null, lastName=null, email=tropical@gmail.com, role=UserRole [id=2, role=Admin]], status=ReimbursmentStatus [id=2, status=Approved], type=ReimbursmentType [id=6, type=Travel]]
[TRACE] 2020-03-24 21:11:57.509 [http-nio-8080-exec-17] businessLogger - ReimbursmentTypeListCommand: types retrieved.
[TRACE] 2020-03-24 21:14:26.154 [http-nio-8080-exec-18] businessLogger - ReimbursmentGetCommand: User: User [id=3, username=bugsBunny, firstName=Bugs, lastName=Bunny, email=bugs@gmail.com, role=UserRole [id=1, role=Employee]] retrieved reimbursment: Reimbursment [id=109, amount=91.08, description=null, submitted=2020-03-24, resolved=2020-04-09, author=User [id=3, username=bugsBunny, firstName=Bugs, lastName=Bunny, email=bugs@gmail.com, role=UserRole [id=1, role=Employee]], resolver=User [id=14, username=orangeSpin, firstName=null, lastName=null, email=tropical@gmail.com, role=UserRole [id=2, role=Admin]], status=ReimbursmentStatus [id=2, status=Approved], type=ReimbursmentType [id=6, type=Travel]]
[TRACE] 2020-03-24 21:14:26.807 [http-nio-8080-exec-15] businessLogger - ReimbursmentTypeListCommand: types retrieved.
[TRACE] 2020-03-24 21:14:31.028 [http-nio-8080-exec-12] businessLogger - ReimbursmentListCommand: data retrieved by user: User [id=3, username=bugsBunny, firstName=Bugs, lastName=Bunny, email=bugs@gmail.com, role=UserRole [id=1, role=Employee]] with parameters- filter by user: User [id=3, username=bugsBunny, firstName=Bugs, lastName=Bunny, email=bugs@gmail.com, role=UserRole [id=1, role=Employee]] limit: 20 offset: 0 status: ReimbursmentStatus [id=0, status=]
[TRACE] 2020-03-24 21:14:31.252 [http-nio-8080-exec-13] businessLogger - ReimbursmentStatusListCommand: types retrieved.
[TRACE] 2020-03-24 21:20:08.958 [http-nio-8080-exec-17] businessLogger - ReimbursmentStatusListCommand: types retrieved.
[TRACE] 2020-03-24 21:20:09.350 [http-nio-8080-exec-19] businessLogger - ReimbursmentListCommand: data retrieved by user: User [id=3, username=bugsBunny, firstName=Bugs, lastName=Bunny, email=bugs@gmail.com, role=UserRole [id=1, role=Employee]] with parameters- filter by user: User [id=3, username=bugsBunny, firstName=Bugs, lastName=Bunny, email=bugs@gmail.com, role=UserRole [id=1, role=Employee]] limit: 20 offset: 0 status: ReimbursmentStatus [id=0, status=]
[TRACE] 2020-03-24 21:22:44.254 [http-nio-8080-exec-12] businessLogger - ReimbursmentListCommand: data retrieved by user: User [id=3, username=bugsBunny, firstName=Bugs, lastName=Bunny, email=bugs@gmail.com, role=UserRole [id=1, role=Employee]] with parameters- filter by user: User [id=3, username=bugsBunny, firstName=Bugs, lastName=Bunny, email=bugs@gmail.com, role=UserRole [id=1, role=Employee]] limit: 20 offset: 0 status: ReimbursmentStatus [id=0, status=]
[TRACE] 2020-03-24 21:22:44.491 [http-nio-8080-exec-13] businessLogger - ReimbursmentStatusListCommand: types retrieved.
[TRACE] 2020-03-24 21:22:46.955 [http-nio-8080-exec-16] businessLogger - ReimbursmentTypeListCommand: types retrieved.
[TRACE] 2020-03-24 21:23:11.996 [http-nio-8080-exec-17] businessLogger - ReimbursmentTypeListCommand: types retrieved.
