[TRACE] 2020-03-24 06:59:32.192 [http-nio-8080-exec-5] businessLogger - UserListCommand: user list sent to user id: 13 username: brownEyes
[TRACE] 2020-03-24 06:59:45.643 [http-nio-8080-exec-2] businessLogger - UserListCommand: user list sent to user id: 13 username: brownEyes
[TRACE] 2020-03-24 07:06:48.917 [http-nio-8080-exec-4] businessLogger - ReimbursmentListCommand: data retrieved by user: User [id=13, username=brownEyes, firstName=null, lastName=null, email=brownX@gmail.com, role=UserRole [id=2, role=Admin]] with parameters- filter by user: User [id=3, username=bugsBunny, firstName=Bugs, lastName=Bunny, email=bugs@gmail.com, role=UserRole [id=1, role=Employee]] limit: 20 offset: 0 status: ReimbursmentStatus [id=2, status=Approved]
[TRACE] 2020-03-24 07:07:23.980 [http-nio-8080-exec-2] businessLogger - ReimbursmentListCommand: data retrieved by user: User [id=13, username=brownEyes, firstName=null, lastName=null, email=brownX@gmail.com, role=UserRole [id=2, role=Admin]] with parameters- filter by user: User [id=3, username=bugsBunny, firstName=Bugs, lastName=Bunny, email=bugs@gmail.com, role=UserRole [id=1, role=Employee]] limit: 20 offset: 0 status: ReimbursmentStatus [id=2, status=Approved]
[TRACE] 2020-03-24 07:07:35.579 [http-nio-8080-exec-4] businessLogger - ReimbursmentListCommand: data retrieved by user: User [id=13, username=brownEyes, firstName=null, lastName=null, email=brownX@gmail.com, role=UserRole [id=2, role=Admin]] with parameters- filter by user: User [id=3, username=bugsBunny, firstName=Bugs, lastName=Bunny, email=bugs@gmail.com, role=UserRole [id=1, role=Employee]] limit: 5 offset: 5 status: ReimbursmentStatus [id=2, status=Approved]
[TRACE] 2020-03-24 07:07:46.340 [http-nio-8080-exec-7] businessLogger - ReimbursmentListCommand: data retrieved by user: User [id=13, username=brownEyes, firstName=null, lastName=null, email=brownX@gmail.com, role=UserRole [id=2, role=Admin]] with parameters- filter by user: User [id=3, username=bugsBunny, firstName=Bugs, lastName=Bunny, email=bugs@gmail.com, role=UserRole [id=1, role=Employee]] limit: 5 offset: 2 status: ReimbursmentStatus [id=2, status=Approved]
[TRACE] 2020-03-24 07:08:15.275 [http-nio-8080-exec-10] businessLogger - ReimbursmentListCommand: data retrieved by user: User [id=13, username=brownEyes, firstName=null, lastName=null, email=brownX@gmail.com, role=UserRole [id=2, role=Admin]] with parameters- filter by user: User [id=4, username=rudolphRed, firstName=null, lastName=null, email=rudolph@gmail.com, role=UserRole [id=1, role=Employee]] limit: 5 offset: 2 status: ReimbursmentStatus [id=2, status=Approved]
[TRACE] 2020-03-24 07:14:20.644 [http-nio-8080-exec-3] businessLogger - ReimbursmentListCommand: data retrieved by user: User [id=13, username=brownEyes, firstName=null, lastName=null, email=brownX@gmail.com, role=UserRole [id=2, role=Admin]] with parameters- filter by user: User [id=4, username=rudolphRed, firstName=null, lastName=null, email=rudolph@gmail.com, role=UserRole [id=1, role=Employee]] limit: 5 offset: 2 status: ReimbursmentStatus [id=2, status=Approved]
[TRACE] 2020-03-24 07:14:30.942 [http-nio-8080-exec-6] businessLogger - ReimbursmentListCommand: data retrieved by user: User [id=13, username=brownEyes, firstName=null, lastName=null, email=brownX@gmail.com, role=UserRole [id=2, role=Admin]] with parameters- filter by user: User [id=4, username=rudolphRed, firstName=null, lastName=null, email=rudolph@gmail.com, role=UserRole [id=1, role=Employee]] limit: 20 offset: 2 status: ReimbursmentStatus [id=2, status=Approved]
[TRACE] 2020-03-24 07:15:19.156 [http-nio-8080-exec-8] businessLogger - ReimbursmentListCommand: data retrieved by user: User [id=13, username=brownEyes, firstName=null, lastName=null, email=brownX@gmail.com, role=UserRole [id=2, role=Admin]] with parameters- filter by user: User [id=15, username=bugs3, firstName=null, lastName=null, email=whatsupdock@gmail.com, role=null] limit: 20 offset: 0 status: ReimbursmentStatus [id=2, status=Approved]
[TRACE] 2020-03-24 07:16:24.043 [http-nio-8080-exec-10] businessLogger - ReimbursmentListCommand: data retrieved by user: User [id=13, username=brownEyes, firstName=null, lastName=null, email=brownX@gmail.com, role=UserRole [id=2, role=Admin]] with parameters- filter by user: User [id=15, username=bugs3, firstName=null, lastName=null, email=whatsupdock@gmail.com, role=null] limit: 20 offset: 0 status: ReimbursmentStatus [id=2, status=Approved]
[TRACE] 2020-03-24 07:16:51.919 [http-nio-8080-exec-4] businessLogger - ReimbursmentListCommand: data retrieved by user: User [id=13, username=brownEyes, firstName=null, lastName=null, email=brownX@gmail.com, role=UserRole [id=2, role=Admin]] with parameters- filter by user: User [id=3, username=bugsBunny, firstName=Bugs, lastName=Bunny, email=bugs@gmail.com, role=UserRole [id=1, role=Employee]] limit: 20 offset: 0 status: ReimbursmentStatus [id=2, status=Approved]
[TRACE] 2020-03-24 07:17:07.144 [http-nio-8080-exec-9] businessLogger - UserListCommand: user list sent to user id: 13 username: brownEyes
[TRACE] 2020-03-24 07:17:15.190 [http-nio-8080-exec-2] businessLogger - ReimbursmentListCommand: data retrieved by user: User [id=13, username=brownEyes, firstName=null, lastName=null, email=brownX@gmail.com, role=UserRole [id=2, role=Admin]] with parameters- filter by user: User [id=3, username=bugsBunny, firstName=Bugs, lastName=Bunny, email=bugs@gmail.com, role=UserRole [id=1, role=Employee]] limit: 20 offset: 0 status: ReimbursmentStatus [id=2, status=Approved]
[TRACE] 2020-03-24 07:26:09.454 [http-nio-8080-exec-6] businessLogger - UserListCommand: user list sent to user id: 13 username: brownEyes
[TRACE] 2020-03-24 07:28:26.966 [http-nio-8080-exec-1] businessLogger - ReimbursmentStatusListCommand: types retrieved.
[TRACE] 2020-03-24 07:28:29.049 [http-nio-8080-exec-2] businessLogger - UserListCommand: user list sent to user id: 13 username: brownEyes
[TRACE] 2020-03-24 07:28:53.874 [http-nio-8080-exec-6] businessLogger - ReimbursmentStatusListCommand: types retrieved.
[TRACE] 2020-03-24 07:28:55.942 [http-nio-8080-exec-10] businessLogger - UserListCommand: user list sent to user id: 13 username: brownEyes
[TRACE] 2020-03-24 07:29:10.057 [http-nio-8080-exec-3] businessLogger - ReimbursmentListCommand: data retrieved by user: User [id=13, username=brownEyes, firstName=null, lastName=null, email=brownX@gmail.com, role=UserRole [id=2, role=Admin]] with parameters- filter by user: User [id=3, username=bugsBunny, firstName=Bugs, lastName=Bunny, email=bugs@gmail.com, role=UserRole [id=1, role=Employee]] limit: 20 offset: 0 status: ReimbursmentStatus [id=0, status={
  "id": 1,
  "status": "Pending"
}]
[TRACE] 2020-03-24 07:30:16.633 [http-nio-8080-exec-7] businessLogger - ReimbursmentStatusListCommand: types retrieved.
[TRACE] 2020-03-24 07:30:18.795 [http-nio-8080-exec-10] businessLogger - UserListCommand: user list sent to user id: 13 username: brownEyes
[TRACE] 2020-03-24 07:30:31.468 [http-nio-8080-exec-4] businessLogger - ReimbursmentListCommand: data retrieved by user: User [id=13, username=brownEyes, firstName=null, lastName=null, email=brownX@gmail.com, role=UserRole [id=2, role=Admin]] with parameters- filter by user: User [id=3, username=bugsBunny, firstName=Bugs, lastName=Bunny, email=bugs@gmail.com, role=UserRole [id=1, role=Employee]] limit: 20 offset: 0 status: ReimbursmentStatus [id=3, status=Denied]
[TRACE] 2020-03-24 07:30:41.953 [http-nio-8080-exec-9] businessLogger - ReimbursmentListCommand: data retrieved by user: User [id=13, username=brownEyes, firstName=null, lastName=null, email=brownX@gmail.com, role=UserRole [id=2, role=Admin]] with parameters- filter by user: User [id=3, username=bugsBunny, firstName=Bugs, lastName=Bunny, email=bugs@gmail.com, role=UserRole [id=1, role=Employee]] limit: 20 offset: 0 status: ReimbursmentStatus [id=2, status=Approved]
[TRACE] 2020-03-24 07:30:49.148 [http-nio-8080-exec-8] businessLogger - ReimbursmentListCommand: data retrieved by user: User [id=13, username=brownEyes, firstName=null, lastName=null, email=brownX@gmail.com, role=UserRole [id=2, role=Admin]] with parameters- filter by user: User [id=3, username=bugsBunny, firstName=Bugs, lastName=Bunny, email=bugs@gmail.com, role=UserRole [id=1, role=Employee]] limit: 20 offset: 0 status: ReimbursmentStatus [id=1, status=Pending]
[TRACE] 2020-03-24 07:31:30.206 [http-nio-8080-exec-1] businessLogger - ReimbursmentStatusListCommand: types retrieved.
[TRACE] 2020-03-24 07:31:32.515 [http-nio-8080-exec-4] businessLogger - UserListCommand: user list sent to user id: 13 username: brownEyes
[TRACE] 2020-03-24 07:31:46.538 [http-nio-8080-exec-6] businessLogger - ReimbursmentListCommand: data retrieved by user: User [id=13, username=brownEyes, firstName=null, lastName=null, email=brownX@gmail.com, role=UserRole [id=2, role=Admin]] with parameters- filter by user: User [id=3, username=bugsBunny, firstName=Bugs, lastName=Bunny, email=bugs@gmail.com, role=UserRole [id=1, role=Employee]] limit: 20 offset: 0 status: ReimbursmentStatus [id=1, status=Pending]
[TRACE] 2020-03-24 07:34:42.979 [http-nio-8080-exec-10] businessLogger - ReimbursmentStatusListCommand: types retrieved.
[TRACE] 2020-03-24 07:34:45.250 [http-nio-8080-exec-5] businessLogger - UserListCommand: user list sent to user id: 13 username: brownEyes
[TRACE] 2020-03-24 07:36:44.978 [http-nio-8080-exec-7] businessLogger - ReimbursmentStatusListCommand: types retrieved.
[TRACE] 2020-03-24 07:36:45.726 [http-nio-8080-exec-2] businessLogger - ReimbursmentListCommand: data retrieved by user: User [id=13, username=brownEyes, firstName=null, lastName=null, email=brownX@gmail.com, role=UserRole [id=2, role=Admin]] with parameters- filter by user: User [id=0, username=, firstName=, lastName=, email=, role=UserRole [id=0, role=]] limit: 20 offset: 0 status: ReimbursmentStatus [id=0, status=]
[TRACE] 2020-03-24 07:36:47.395 [http-nio-8080-exec-1] businessLogger - UserListCommand: user list sent to user id: 13 username: brownEyes
[TRACE] 2020-03-24 07:37:14.535 [http-nio-8080-exec-6] businessLogger - ReimbursmentListCommand: data retrieved by user: User [id=13, username=brownEyes, firstName=null, lastName=null, email=brownX@gmail.com, role=UserRole [id=2, role=Admin]] with parameters- filter by user: User [id=3, username=bugsBunny, firstName=Bugs, lastName=Bunny, email=bugs@gmail.com, role=UserRole [id=1, role=Employee]] limit: 20 offset: 0 status: ReimbursmentStatus [id=0, status=]
[TRACE] 2020-03-24 07:37:23.504 [http-nio-8080-exec-3] businessLogger - ReimbursmentListCommand: data retrieved by user: User [id=13, username=brownEyes, firstName=null, lastName=null, email=brownX@gmail.com, role=UserRole [id=2, role=Admin]] with parameters- filter by user: User [id=3, username=bugsBunny, firstName=Bugs, lastName=Bunny, email=bugs@gmail.com, role=UserRole [id=1, role=Employee]] limit: 20 offset: 0 status: ReimbursmentStatus [id=3, status=Denied]
[TRACE] 2020-03-24 07:37:49.705 [http-nio-8080-exec-7] businessLogger - ReimbursmentStatusListCommand: types retrieved.
[TRACE] 2020-03-24 07:37:50.419 [http-nio-8080-exec-1] businessLogger - ReimbursmentListCommand: data retrieved by user: User [id=13, username=brownEyes, firstName=null, lastName=null, email=brownX@gmail.com, role=UserRole [id=2, role=Admin]] with parameters- filter by user: User [id=0, username=, firstName=, lastName=, email=, role=UserRole [id=0, role=]] limit: 20 offset: 0 status: ReimbursmentStatus [id=0, status=]
[TRACE] 2020-03-24 07:37:52.164 [http-nio-8080-exec-10] businessLogger - UserListCommand: user list sent to user id: 13 username: brownEyes
[TRACE] 2020-03-24 07:38:05.192 [http-nio-8080-exec-5] businessLogger - ReimbursmentStatusListCommand: types retrieved.
[TRACE] 2020-03-24 07:38:05.896 [http-nio-8080-exec-9] businessLogger - ReimbursmentListCommand: data retrieved by user: User [id=13, username=brownEyes, firstName=null, lastName=null, email=brownX@gmail.com, role=UserRole [id=2, role=Admin]] with parameters- filter by user: User [id=0, username=, firstName=, lastName=, email=, role=UserRole [id=0, role=]] limit: 20 offset: 0 status: ReimbursmentStatus [id=0, status=]
[TRACE] 2020-03-24 07:38:07.722 [http-nio-8080-exec-6] businessLogger - UserListCommand: user list sent to user id: 13 username: brownEyes
[TRACE] 2020-03-24 07:38:18.790 [http-nio-8080-exec-3] businessLogger - ReimbursmentListCommand: data retrieved by user: User [id=13, username=brownEyes, firstName=null, lastName=null, email=brownX@gmail.com, role=UserRole [id=2, role=Admin]] with parameters- filter by user: User [id=3, username=bugsBunny, firstName=Bugs, lastName=Bunny, email=bugs@gmail.com, role=UserRole [id=1, role=Employee]] limit: 20 offset: 0 status: ReimbursmentStatus [id=0, status=]
[TRACE] 2020-03-24 07:38:38.238 [http-nio-8080-exec-7] businessLogger - ReimbursmentStatusListCommand: types retrieved.
[TRACE] 2020-03-24 07:38:38.640 [http-nio-8080-exec-10] businessLogger - ReimbursmentListCommand: data retrieved by user: User [id=13, username=brownEyes, firstName=null, lastName=null, email=brownX@gmail.com, role=UserRole [id=2, role=Admin]] with parameters- filter by user: User [id=0, username=, firstName=, lastName=, email=, role=UserRole [id=0, role=]] limit: 20 offset: 0 status: ReimbursmentStatus [id=0, status=]
[TRACE] 2020-03-24 07:38:39.101 [http-nio-8080-exec-8] businessLogger - ReimbursmentStatusListCommand: types retrieved.
[TRACE] 2020-03-24 07:38:39.928 [http-nio-8080-exec-5] businessLogger - ReimbursmentListCommand: data retrieved by user: User [id=13, username=brownEyes, firstName=null, lastName=null, email=brownX@gmail.com, role=UserRole [id=2, role=Admin]] with parameters- filter by user: User [id=0, username=, firstName=, lastName=, email=, role=UserRole [id=0, role=]] limit: 20 offset: 0 status: ReimbursmentStatus [id=0, status=]
[TRACE] 2020-03-24 07:38:41.498 [http-nio-8080-exec-6] businessLogger - UserListCommand: user list sent to user id: 13 username: brownEyes
[TRACE] 2020-03-24 07:38:49.106 [http-nio-8080-exec-7] businessLogger - ReimbursmentListCommand: data retrieved by user: User [id=13, username=brownEyes, firstName=null, lastName=null, email=brownX@gmail.com, role=UserRole [id=2, role=Admin]] with parameters- filter by user: User [id=3, username=bugsBunny, firstName=Bugs, lastName=Bunny, email=bugs@gmail.com, role=UserRole [id=1, role=Employee]] limit: 20 offset: 0 status: ReimbursmentStatus [id=0, status=]
[TRACE] 2020-03-24 07:39:47.320 [http-nio-8080-exec-9] businessLogger - ReimbursmentStatusListCommand: types retrieved.
[TRACE] 2020-03-24 07:39:48.041 [http-nio-8080-exec-5] businessLogger - ReimbursmentListCommand: data retrieved by user: User [id=13, username=brownEyes, firstName=null, lastName=null, email=brownX@gmail.com, role=UserRole [id=2, role=Admin]] with parameters- filter by user: User [id=0, username=, firstName=, lastName=, email=, role=UserRole [id=0, role=]] limit: 20 offset: 0 status: ReimbursmentStatus [id=0, status=]
[TRACE] 2020-03-24 07:39:49.772 [http-nio-8080-exec-2] businessLogger - UserListCommand: user list sent to user id: 13 username: brownEyes
[TRACE] 2020-03-24 07:39:57.500 [http-nio-8080-exec-4] businessLogger - ReimbursmentListCommand: data retrieved by user: User [id=13, username=brownEyes, firstName=null, lastName=null, email=brownX@gmail.com, role=UserRole [id=2, role=Admin]] with parameters- filter by user: User [id=4, username=rudolphRed, firstName=null, lastName=null, email=rudolph@gmail.com, role=UserRole [id=1, role=Employee]] limit: 20 offset: 0 status: ReimbursmentStatus [id=0, status=]
[TRACE] 2020-03-24 07:40:02.036 [http-nio-8080-exec-1] businessLogger - ReimbursmentListCommand: data retrieved by user: User [id=13, username=brownEyes, firstName=null, lastName=null, email=brownX@gmail.com, role=UserRole [id=2, role=Admin]] with parameters- filter by user: User [id=0, username=, firstName=, lastName=, email=, role=UserRole [id=0, role=]] limit: 20 offset: 0 status: ReimbursmentStatus [id=0, status=]
[TRACE] 2020-03-24 07:40:07.477 [http-nio-8080-exec-7] businessLogger - ReimbursmentListCommand: data retrieved by user: User [id=13, username=brownEyes, firstName=null, lastName=null, email=brownX@gmail.com, role=UserRole [id=2, role=Admin]] with parameters- filter by user: User [id=0, username=, firstName=, lastName=, email=, role=UserRole [id=0, role=]] limit: 20 offset: 0 status: ReimbursmentStatus [id=3, status=Denied]
[TRACE] 2020-03-24 07:40:11.799 [http-nio-8080-exec-9] businessLogger - ReimbursmentListCommand: data retrieved by user: User [id=13, username=brownEyes, firstName=null, lastName=null, email=brownX@gmail.com, role=UserRole [id=2, role=Admin]] with parameters- filter by user: User [id=0, username=, firstName=, lastName=, email=, role=UserRole [id=0, role=]] limit: 20 offset: 0 status: ReimbursmentStatus [id=0, status=]
[TRACE] 2020-03-24 07:40:22.161 [http-nio-8080-exec-2] businessLogger - ReimbursmentListCommand: data retrieved by user: User [id=13, username=brownEyes, firstName=null, lastName=null, email=brownX@gmail.com, role=UserRole [id=2, role=Admin]] with parameters- filter by user: User [id=0, username=, firstName=, lastName=, email=, role=UserRole [id=0, role=]] limit: 20 offset: 50 status: ReimbursmentStatus [id=0, status=]
[TRACE] 2020-03-24 08:21:56.299 [http-nio-8080-exec-4] businessLogger - ReimbursmentTypeListCommand: types retrieved.
[TRACE] 2020-03-24 08:22:34.790 [http-nio-8080-exec-10] businessLogger - ReimbursmentTypeListCommand: types retrieved.
[TRACE] 2020-03-24 08:23:31.839 [http-nio-8080-exec-6] businessLogger - ReimbursmentTypeListCommand: types retrieved.
[TRACE] 2020-03-24 08:24:50.764 [http-nio-8080-exec-9] businessLogger - ReimbursmentTypeListCommand: types retrieved.
[TRACE] 2020-03-24 08:25:11.706 [http-nio-8080-exec-2] businessLogger - ReimbursmentTypeListCommand: types retrieved.
[TRACE] 2020-03-24 08:26:10.847 [http-nio-8080-exec-4] businessLogger - ReimbursmentTypeListCommand: types retrieved.
[TRACE] 2020-03-24 08:27:23.236 [http-nio-8080-exec-10] businessLogger - ReimbursmentTypeListCommand: types retrieved.
[TRACE] 2020-03-24 08:28:27.863 [http-nio-8080-exec-6] businessLogger - ReimbursmentTypeListCommand: types retrieved.
[TRACE] 2020-03-24 08:32:15.013 [http-nio-8080-exec-9] businessLogger - ReimbursmentStatusListCommand: types retrieved.
[TRACE] 2020-03-24 08:32:15.720 [http-nio-8080-exec-2] businessLogger - ReimbursmentListCommand: data retrieved by user: User [id=13, username=brownEyes, firstName=null, lastName=null, email=brownX@gmail.com, role=UserRole [id=2, role=Admin]] with parameters- filter by user: User [id=0, username=, firstName=, lastName=, email=, role=UserRole [id=0, role=]] limit: 20 offset: 0 status: ReimbursmentStatus [id=0, status=]
[TRACE] 2020-03-24 08:32:17.498 [http-nio-8080-exec-4] businessLogger - UserListCommand: user list sent to user id: 13 username: brownEyes
[TRACE] 2020-03-24 08:36:06.997 [http-nio-8080-exec-6] businessLogger - ReimbursmentStatusListCommand: types retrieved.
[TRACE] 2020-03-24 08:36:07.733 [http-nio-8080-exec-5] businessLogger - ReimbursmentListCommand: data retrieved by user: User [id=13, username=brownEyes, firstName=null, lastName=null, email=brownX@gmail.com, role=UserRole [id=2, role=Admin]] with parameters- filter by user: User [id=0, username=, firstName=, lastName=, email=, role=UserRole [id=0, role=]] limit: 20 offset: 0 status: ReimbursmentStatus [id=0, status=]
[TRACE] 2020-03-24 08:36:09.500 [http-nio-8080-exec-9] businessLogger - UserListCommand: user list sent to user id: 13 username: brownEyes
[TRACE] 2020-03-24 08:37:55.118 [http-nio-8080-exec-10] businessLogger - ReimbursmentTypeListCommand: types retrieved.
[TRACE] 2020-03-24 08:38:41.078 [http-nio-8080-exec-8] businessLogger - ReimbursmentTypeListCommand: types retrieved.
