[WARN ] 2020-03-24 06:59:39.589 [http-nio-8080-exec-7] exceptionLogger - Login Failed, invalid user: BrownEyes
[WARN ] 2020-03-24 06:59:42.557 [http-nio-8080-exec-8] exceptionLogger - Login Failed, invalid user: BrownEyes
[WARN ] 2020-03-24 10:31:38.346 [http-nio-8080-exec-3] exceptionLogger - Failed to create reimbursment
java.sql.SQLIntegrityConstraintViolationException: ORA-02291: integrity constraint (ADMIN.ERS_REI_TYPE_ID) violated - parent key not found
ORA-06512: at "ADMIN.CREATE_ERS_REIMBURSEMENT", line 12

	at oracle.jdbc.driver.T4CTTIoer11.processError(T4CTTIoer11.java:494) ~[ojdbc8-12.2.0.1.jar:12.2.0.1.0]
	at oracle.jdbc.driver.T4CTTIoer11.processError(T4CTTIoer11.java:446) ~[ojdbc8-12.2.0.1.jar:12.2.0.1.0]
	at oracle.jdbc.driver.T4C8Oall.processError(T4C8Oall.java:1054) ~[ojdbc8-12.2.0.1.jar:12.2.0.1.0]
	at oracle.jdbc.driver.T4CTTIfun.receive(T4CTTIfun.java:623) ~[ojdbc8-12.2.0.1.jar:12.2.0.1.0]
	at oracle.jdbc.driver.T4CTTIfun.doRPC(T4CTTIfun.java:252) ~[ojdbc8-12.2.0.1.jar:12.2.0.1.0]
	at oracle.jdbc.driver.T4C8Oall.doOALL(T4C8Oall.java:612) ~[ojdbc8-12.2.0.1.jar:12.2.0.1.0]
	at oracle.jdbc.driver.T4CCallableStatement.doOall8(T4CCallableStatement.java:223) ~[ojdbc8-12.2.0.1.jar:12.2.0.1.0]
	at oracle.jdbc.driver.T4CCallableStatement.doOall8(T4CCallableStatement.java:56) ~[ojdbc8-12.2.0.1.jar:12.2.0.1.0]
	at oracle.jdbc.driver.T4CCallableStatement.executeForRows(T4CCallableStatement.java:907) ~[ojdbc8-12.2.0.1.jar:12.2.0.1.0]
	at oracle.jdbc.driver.OracleStatement.doExecuteWithTimeout(OracleStatement.java:1119) ~[ojdbc8-12.2.0.1.jar:12.2.0.1.0]
	at oracle.jdbc.driver.OraclePreparedStatement.executeInternal(OraclePreparedStatement.java:3780) ~[ojdbc8-12.2.0.1.jar:12.2.0.1.0]
	at oracle.jdbc.driver.T4CCallableStatement.executeInternal(T4CCallableStatement.java:1300) ~[ojdbc8-12.2.0.1.jar:12.2.0.1.0]
	at oracle.jdbc.driver.OraclePreparedStatement.execute(OraclePreparedStatement.java:3887) ~[ojdbc8-12.2.0.1.jar:12.2.0.1.0]
	at oracle.jdbc.driver.OracleCallableStatement.execute(OracleCallableStatement.java:4230) ~[ojdbc8-12.2.0.1.jar:12.2.0.1.0]
	at oracle.jdbc.driver.OraclePreparedStatementWrapper.execute(OraclePreparedStatementWrapper.java:1079) ~[ojdbc8-12.2.0.1.jar:12.2.0.1.0]
	at com.revature.expenses.dao.implementations.ReimbursmentDAOImpl.create(ReimbursmentDAOImpl.java:89) [classes/:?]
	at com.revature.expenses.services.handlers.ReimbursmentHandler.create(ReimbursmentHandler.java:22) [classes/:?]
	at com.revature.expenses.api.commands.ReimbursmentCommand.doPost(ReimbursmentCommand.java:59) [classes/:?]
	at com.revature.expenses.api.commands.ReimbursmentCommand.process(ReimbursmentCommand.java:34) [classes/:?]
	at com.revature.expenses.api.FrontController.doPost(FrontController.java:27) [classes/:?]
	at javax.servlet.http.HttpServlet.service(HttpServlet.java:660) [servlet-api.jar:?]
	at javax.servlet.http.HttpServlet.service(HttpServlet.java:741) [servlet-api.jar:?]
	at org.apache.catalina.core.ApplicationFilterChain.internalDoFilter(ApplicationFilterChain.java:231) [catalina.jar:9.0.31]
	at org.apache.catalina.core.ApplicationFilterChain.doFilter(ApplicationFilterChain.java:166) [catalina.jar:9.0.31]
	at org.apache.tomcat.websocket.server.WsFilter.doFilter(WsFilter.java:53) [tomcat-websocket.jar:9.0.31]
	at org.apache.catalina.core.ApplicationFilterChain.internalDoFilter(ApplicationFilterChain.java:193) [catalina.jar:9.0.31]
	at org.apache.catalina.core.ApplicationFilterChain.doFilter(ApplicationFilterChain.java:166) [catalina.jar:9.0.31]
	at com.revature.expenses.api.CORSFilter.doFilter(CORSFilter.java:51) [classes/:?]
	at org.apache.catalina.core.ApplicationFilterChain.internalDoFilter(ApplicationFilterChain.java:193) [catalina.jar:9.0.31]
	at org.apache.catalina.core.ApplicationFilterChain.doFilter(ApplicationFilterChain.java:166) [catalina.jar:9.0.31]
	at org.apache.catalina.core.StandardWrapperValve.invoke(StandardWrapperValve.java:202) [catalina.jar:9.0.31]
	at org.apache.catalina.core.StandardContextValve.invoke(StandardContextValve.java:96) [catalina.jar:9.0.31]
	at org.apache.catalina.authenticator.AuthenticatorBase.invoke(AuthenticatorBase.java:541) [catalina.jar:9.0.31]
	at org.apache.catalina.core.StandardHostValve.invoke(StandardHostValve.java:139) [catalina.jar:9.0.31]
	at org.apache.catalina.valves.ErrorReportValve.invoke(ErrorReportValve.java:92) [catalina.jar:9.0.31]
	at org.apache.catalina.valves.AbstractAccessLogValve.invoke(AbstractAccessLogValve.java:688) [catalina.jar:9.0.31]
	at org.apache.catalina.core.StandardEngineValve.invoke(StandardEngineValve.java:74) [catalina.jar:9.0.31]
	at org.apache.catalina.connector.CoyoteAdapter.service(CoyoteAdapter.java:343) [catalina.jar:9.0.31]
	at org.apache.coyote.http11.Http11Processor.service(Http11Processor.java:367) [tomcat-coyote.jar:9.0.31]
	at org.apache.coyote.AbstractProcessorLight.process(AbstractProcessorLight.java:65) [tomcat-coyote.jar:9.0.31]
	at org.apache.coyote.AbstractProtocol$ConnectionHandler.process(AbstractProtocol.java:868) [tomcat-coyote.jar:9.0.31]
	at org.apache.tomcat.util.net.NioEndpoint$SocketProcessor.doRun(NioEndpoint.java:1639) [tomcat-coyote.jar:9.0.31]
	at org.apache.tomcat.util.net.SocketProcessorBase.run(SocketProcessorBase.java:49) [tomcat-coyote.jar:9.0.31]
	at java.util.concurrent.ThreadPoolExecutor.runWorker(Unknown Source) [?:1.8.0_241]
	at java.util.concurrent.ThreadPoolExecutor$Worker.run(Unknown Source) [?:1.8.0_241]
	at org.apache.tomcat.util.threads.TaskThread$WrappingRunnable.run(TaskThread.java:61) [tomcat-util.jar:9.0.31]
	at java.lang.Thread.run(Unknown Source) [?:1.8.0_241]
Caused by: oracle.jdbc.OracleDatabaseException: ORA-02291: integrity constraint (ADMIN.ERS_REI_TYPE_ID) violated - parent key not found
ORA-06512: at "ADMIN.CREATE_ERS_REIMBURSEMENT", line 12

	at oracle.jdbc.driver.T4CTTIoer11.processError(T4CTTIoer11.java:498) ~[ojdbc8-12.2.0.1.jar:12.2.0.1.0]
	... 46 more
[WARN ] 2020-03-24 10:31:38.452 [http-nio-8080-exec-3] exceptionLogger - ReimbursmentCommand: reimbursment creation failed. Body: {"submitter":{"id":13,"username":"brownEyes","password":"****","firstName":null,"lastName":null,"email":"brownX@gmail.com","role":{"id":2,"role":"Admin"}},"reimbursment":{"id":0,"amount":15,"description":"That expensive thing","author":{"id":13,"username":"brownEyes","password":"****","firstName":null,"lastName":null,"email":"brownX@gmail.com","role":{"id":2,"role":"Admin"}},"type":{"id":0,"type":""}}}
[WARN ] 2020-03-24 14:12:49.132 [http-nio-8080-exec-20] exceptionLogger - Failed to create reimbursment
java.sql.SQLIntegrityConstraintViolationException: ORA-02291: integrity constraint (ADMIN.ERS_REI_TYPE_ID) violated - parent key not found
ORA-06512: at "ADMIN.CREATE_ERS_REIMBURSEMENT", line 12

	at oracle.jdbc.driver.T4CTTIoer11.processError(T4CTTIoer11.java:494) ~[ojdbc8-12.2.0.1.jar:12.2.0.1.0]
	at oracle.jdbc.driver.T4CTTIoer11.processError(T4CTTIoer11.java:446) ~[ojdbc8-12.2.0.1.jar:12.2.0.1.0]
	at oracle.jdbc.driver.T4C8Oall.processError(T4C8Oall.java:1054) ~[ojdbc8-12.2.0.1.jar:12.2.0.1.0]
	at oracle.jdbc.driver.T4CTTIfun.receive(T4CTTIfun.java:623) ~[ojdbc8-12.2.0.1.jar:12.2.0.1.0]
	at oracle.jdbc.driver.T4CTTIfun.doRPC(T4CTTIfun.java:252) ~[ojdbc8-12.2.0.1.jar:12.2.0.1.0]
	at oracle.jdbc.driver.T4C8Oall.doOALL(T4C8Oall.java:612) ~[ojdbc8-12.2.0.1.jar:12.2.0.1.0]
	at oracle.jdbc.driver.T4CCallableStatement.doOall8(T4CCallableStatement.java:223) ~[ojdbc8-12.2.0.1.jar:12.2.0.1.0]
	at oracle.jdbc.driver.T4CCallableStatement.doOall8(T4CCallableStatement.java:56) ~[ojdbc8-12.2.0.1.jar:12.2.0.1.0]
	at oracle.jdbc.driver.T4CCallableStatement.executeForRows(T4CCallableStatement.java:907) ~[ojdbc8-12.2.0.1.jar:12.2.0.1.0]
	at oracle.jdbc.driver.OracleStatement.doExecuteWithTimeout(OracleStatement.java:1119) ~[ojdbc8-12.2.0.1.jar:12.2.0.1.0]
	at oracle.jdbc.driver.OraclePreparedStatement.executeInternal(OraclePreparedStatement.java:3780) ~[ojdbc8-12.2.0.1.jar:12.2.0.1.0]
	at oracle.jdbc.driver.T4CCallableStatement.executeInternal(T4CCallableStatement.java:1300) ~[ojdbc8-12.2.0.1.jar:12.2.0.1.0]
	at oracle.jdbc.driver.OraclePreparedStatement.execute(OraclePreparedStatement.java:3887) ~[ojdbc8-12.2.0.1.jar:12.2.0.1.0]
	at oracle.jdbc.driver.OracleCallableStatement.execute(OracleCallableStatement.java:4230) ~[ojdbc8-12.2.0.1.jar:12.2.0.1.0]
	at oracle.jdbc.driver.OraclePreparedStatementWrapper.execute(OraclePreparedStatementWrapper.java:1079) ~[ojdbc8-12.2.0.1.jar:12.2.0.1.0]
	at com.revature.expenses.dao.implementations.ReimbursmentDAOImpl.create(ReimbursmentDAOImpl.java:88) [classes/:?]
	at com.revature.expenses.services.handlers.ReimbursmentHandler.create(ReimbursmentHandler.java:22) [classes/:?]
	at com.revature.expenses.api.commands.ReimbursmentCommand.doPost(ReimbursmentCommand.java:59) [classes/:?]
	at com.revature.expenses.api.commands.ReimbursmentCommand.process(ReimbursmentCommand.java:34) [classes/:?]
	at com.revature.expenses.api.FrontController.doPost(FrontController.java:27) [classes/:?]
	at javax.servlet.http.HttpServlet.service(HttpServlet.java:660) [servlet-api.jar:?]
	at javax.servlet.http.HttpServlet.service(HttpServlet.java:741) [servlet-api.jar:?]
	at org.apache.catalina.core.ApplicationFilterChain.internalDoFilter(ApplicationFilterChain.java:231) [catalina.jar:9.0.31]
	at org.apache.catalina.core.ApplicationFilterChain.doFilter(ApplicationFilterChain.java:166) [catalina.jar:9.0.31]
	at org.apache.tomcat.websocket.server.WsFilter.doFilter(WsFilter.java:53) [tomcat-websocket.jar:9.0.31]
	at org.apache.catalina.core.ApplicationFilterChain.internalDoFilter(ApplicationFilterChain.java:193) [catalina.jar:9.0.31]
	at org.apache.catalina.core.ApplicationFilterChain.doFilter(ApplicationFilterChain.java:166) [catalina.jar:9.0.31]
	at com.revature.expenses.api.CORSFilter.doFilter(CORSFilter.java:51) [classes/:?]
	at org.apache.catalina.core.ApplicationFilterChain.internalDoFilter(ApplicationFilterChain.java:193) [catalina.jar:9.0.31]
	at org.apache.catalina.core.ApplicationFilterChain.doFilter(ApplicationFilterChain.java:166) [catalina.jar:9.0.31]
	at org.apache.catalina.core.StandardWrapperValve.invoke(StandardWrapperValve.java:202) [catalina.jar:9.0.31]
	at org.apache.catalina.core.StandardContextValve.invoke(StandardContextValve.java:96) [catalina.jar:9.0.31]
	at org.apache.catalina.authenticator.AuthenticatorBase.invoke(AuthenticatorBase.java:541) [catalina.jar:9.0.31]
	at org.apache.catalina.core.StandardHostValve.invoke(StandardHostValve.java:139) [catalina.jar:9.0.31]
	at org.apache.catalina.valves.ErrorReportValve.invoke(ErrorReportValve.java:92) [catalina.jar:9.0.31]
	at org.apache.catalina.valves.AbstractAccessLogValve.invoke(AbstractAccessLogValve.java:688) [catalina.jar:9.0.31]
	at org.apache.catalina.core.StandardEngineValve.invoke(StandardEngineValve.java:74) [catalina.jar:9.0.31]
	at org.apache.catalina.connector.CoyoteAdapter.service(CoyoteAdapter.java:343) [catalina.jar:9.0.31]
	at org.apache.coyote.http11.Http11Processor.service(Http11Processor.java:367) [tomcat-coyote.jar:9.0.31]
	at org.apache.coyote.AbstractProcessorLight.process(AbstractProcessorLight.java:65) [tomcat-coyote.jar:9.0.31]
	at org.apache.coyote.AbstractProtocol$ConnectionHandler.process(AbstractProtocol.java:868) [tomcat-coyote.jar:9.0.31]
	at org.apache.tomcat.util.net.NioEndpoint$SocketProcessor.doRun(NioEndpoint.java:1639) [tomcat-coyote.jar:9.0.31]
	at org.apache.tomcat.util.net.SocketProcessorBase.run(SocketProcessorBase.java:49) [tomcat-coyote.jar:9.0.31]
	at java.util.concurrent.ThreadPoolExecutor.runWorker(Unknown Source) [?:1.8.0_241]
	at java.util.concurrent.ThreadPoolExecutor$Worker.run(Unknown Source) [?:1.8.0_241]
	at org.apache.tomcat.util.threads.TaskThread$WrappingRunnable.run(TaskThread.java:61) [tomcat-util.jar:9.0.31]
	at java.lang.Thread.run(Unknown Source) [?:1.8.0_241]
Caused by: oracle.jdbc.OracleDatabaseException: ORA-02291: integrity constraint (ADMIN.ERS_REI_TYPE_ID) violated - parent key not found
ORA-06512: at "ADMIN.CREATE_ERS_REIMBURSEMENT", line 12

	at oracle.jdbc.driver.T4CTTIoer11.processError(T4CTTIoer11.java:498) ~[ojdbc8-12.2.0.1.jar:12.2.0.1.0]
	... 46 more
[WARN ] 2020-03-24 14:12:49.221 [http-nio-8080-exec-20] exceptionLogger - ReimbursmentCommand: reimbursment creation failed. Body: {"submitter":{"id":13,"username":"brownEyes","password":"****","firstName":null,"lastName":null,"email":"brownX@gmail.com","role":{"id":2,"role":"Admin"}},"reimbursment":{"id":0,"author":{"id":13,"username":"brownEyes","password":"****","firstName":null,"lastName":null,"email":"brownX@gmail.com","role":{"id":2,"role":"Admin"}},"type":{"id":0,"type":""}}}
[WARN ] 2020-03-24 18:22:28.974 [http-nio-8080-exec-12] exceptionLogger - ReimbursmentGetCommand: Failed to retrieve requested reimbursment. Body: {"submitter":{"id":3,"username":"bugsBunny","password":"****","firstName":"Bugs","lastName":"Bunny","email":"bugs@gmail.com","role":{"id":1,"role":"Employee"}},"reimbursment":{"id":0,"amount":0,"description":"","author":{"email":"","firstName":"","lastName":"","id":0,"password":"","role":{"id":0,"role":""},"username":""},"type":{"id":0,"type":""}}}
