[WARN ] 2020-03-25 22:59:33.192 [http-nio-8080-exec-2] exceptionLogger - Failed to get reimbursments method 3:
java.sql.SQLException: Cannot instantiate a SerialBlob object with a null Blob object
	at javax.sql.rowset.serial.SerialBlob.<init>(Unknown Source) ~[?:1.8.0_241]
	at com.revature.expenses.dao.implementations.ReimbursmentDAOImpl.objectBuilderJoin(ReimbursmentDAOImpl.java:358) ~[classes/:?]
	at com.revature.expenses.dao.implementations.ReimbursmentDAOImpl.list(ReimbursmentDAOImpl.java:152) [classes/:?]
	at com.revature.expenses.services.handlers.ReimbursmentHandler.list(ReimbursmentHandler.java:33) [classes/:?]
	at com.revature.expenses.api.commands.ReimbursmentListCommand.getList(ReimbursmentListCommand.java:52) [classes/:?]
	at com.revature.expenses.api.commands.ReimbursmentListCommand.process(ReimbursmentListCommand.java:25) [classes/:?]
	at com.revature.expenses.api.FrontController.doPost(FrontController.java:27) [classes/:?]
	at javax.servlet.http.HttpServlet.service(HttpServlet.java:660) [servlet-api.jar:?]
	at javax.servlet.http.HttpServlet.service(HttpServlet.java:741) [servlet-api.jar:?]
	at org.apache.catalina.core.ApplicationFilterChain.internalDoFilter(ApplicationFilterChain.java:231) [catalina.jar:9.0.31]
	at org.apache.catalina.core.ApplicationFilterChain.doFilter(ApplicationFilterChain.java:166) [catalina.jar:9.0.31]
	at org.apache.tomcat.websocket.server.WsFilter.doFilter(WsFilter.java:53) [tomcat-websocket.jar:9.0.31]
	at org.apache.catalina.core.ApplicationFilterChain.internalDoFilter(ApplicationFilterChain.java:193) [catalina.jar:9.0.31]
	at org.apache.catalina.core.ApplicationFilterChain.doFilter(ApplicationFilterChain.java:166) [catalina.jar:9.0.31]
	at com.revature.expenses.api.CORSFilter.doFilter(CORSFilter.java:51) [classes/:?]
	at org.apache.catalina.core.ApplicationFilterChain.internalDoFilter(ApplicationFilterChain.java:193) [catalina.jar:9.0.31]
	at org.apache.catalina.core.ApplicationFilterChain.doFilter(ApplicationFilterChain.java:166) [catalina.jar:9.0.31]
	at org.apache.catalina.core.StandardWrapperValve.invoke(StandardWrapperValve.java:202) [catalina.jar:9.0.31]
	at org.apache.catalina.core.StandardContextValve.invoke(StandardContextValve.java:96) [catalina.jar:9.0.31]
	at org.apache.catalina.authenticator.AuthenticatorBase.invoke(AuthenticatorBase.java:541) [catalina.jar:9.0.31]
	at org.apache.catalina.core.StandardHostValve.invoke(StandardHostValve.java:139) [catalina.jar:9.0.31]
	at org.apache.catalina.valves.ErrorReportValve.invoke(ErrorReportValve.java:92) [catalina.jar:9.0.31]
	at org.apache.catalina.valves.AbstractAccessLogValve.invoke(AbstractAccessLogValve.java:688) [catalina.jar:9.0.31]
	at org.apache.catalina.core.StandardEngineValve.invoke(StandardEngineValve.java:74) [catalina.jar:9.0.31]
	at org.apache.catalina.connector.CoyoteAdapter.service(CoyoteAdapter.java:343) [catalina.jar:9.0.31]
	at org.apache.coyote.http11.Http11Processor.service(Http11Processor.java:367) [tomcat-coyote.jar:9.0.31]
	at org.apache.coyote.AbstractProcessorLight.process(AbstractProcessorLight.java:65) [tomcat-coyote.jar:9.0.31]
	at org.apache.coyote.AbstractProtocol$ConnectionHandler.process(AbstractProtocol.java:868) [tomcat-coyote.jar:9.0.31]
	at org.apache.tomcat.util.net.NioEndpoint$SocketProcessor.doRun(NioEndpoint.java:1639) [tomcat-coyote.jar:9.0.31]
	at org.apache.tomcat.util.net.SocketProcessorBase.run(SocketProcessorBase.java:49) [tomcat-coyote.jar:9.0.31]
	at java.util.concurrent.ThreadPoolExecutor.runWorker(Unknown Source) [?:1.8.0_241]
	at java.util.concurrent.ThreadPoolExecutor$Worker.run(Unknown Source) [?:1.8.0_241]
	at org.apache.tomcat.util.threads.TaskThread$WrappingRunnable.run(TaskThread.java:61) [tomcat-util.jar:9.0.31]
	at java.lang.Thread.run(Unknown Source) [?:1.8.0_241]
[WARN ] 2020-03-25 22:59:46.988 [http-nio-8080-exec-8] exceptionLogger - Failed to get reimbursments method 4:
java.sql.SQLException: Cannot instantiate a SerialBlob object with a null Blob object
	at javax.sql.rowset.serial.SerialBlob.<init>(Unknown Source) ~[?:1.8.0_241]
	at com.revature.expenses.dao.implementations.ReimbursmentDAOImpl.objectBuilderJoin(ReimbursmentDAOImpl.java:358) ~[classes/:?]
	at com.revature.expenses.dao.implementations.ReimbursmentDAOImpl.list(ReimbursmentDAOImpl.java:176) [classes/:?]
	at com.revature.expenses.services.handlers.ReimbursmentHandler.list(ReimbursmentHandler.java:36) [classes/:?]
	at com.revature.expenses.api.commands.ReimbursmentListCommand.getList(ReimbursmentListCommand.java:46) [classes/:?]
	at com.revature.expenses.api.commands.ReimbursmentListCommand.process(ReimbursmentListCommand.java:25) [classes/:?]
	at com.revature.expenses.api.FrontController.doPost(FrontController.java:27) [classes/:?]
	at javax.servlet.http.HttpServlet.service(HttpServlet.java:660) [servlet-api.jar:?]
	at javax.servlet.http.HttpServlet.service(HttpServlet.java:741) [servlet-api.jar:?]
	at org.apache.catalina.core.ApplicationFilterChain.internalDoFilter(ApplicationFilterChain.java:231) [catalina.jar:9.0.31]
	at org.apache.catalina.core.ApplicationFilterChain.doFilter(ApplicationFilterChain.java:166) [catalina.jar:9.0.31]
	at org.apache.tomcat.websocket.server.WsFilter.doFilter(WsFilter.java:53) [tomcat-websocket.jar:9.0.31]
	at org.apache.catalina.core.ApplicationFilterChain.internalDoFilter(ApplicationFilterChain.java:193) [catalina.jar:9.0.31]
	at org.apache.catalina.core.ApplicationFilterChain.doFilter(ApplicationFilterChain.java:166) [catalina.jar:9.0.31]
	at com.revature.expenses.api.CORSFilter.doFilter(CORSFilter.java:51) [classes/:?]
	at org.apache.catalina.core.ApplicationFilterChain.internalDoFilter(ApplicationFilterChain.java:193) [catalina.jar:9.0.31]
	at org.apache.catalina.core.ApplicationFilterChain.doFilter(ApplicationFilterChain.java:166) [catalina.jar:9.0.31]
	at org.apache.catalina.core.StandardWrapperValve.invoke(StandardWrapperValve.java:202) [catalina.jar:9.0.31]
	at org.apache.catalina.core.StandardContextValve.invoke(StandardContextValve.java:96) [catalina.jar:9.0.31]
	at org.apache.catalina.authenticator.AuthenticatorBase.invoke(AuthenticatorBase.java:541) [catalina.jar:9.0.31]
	at org.apache.catalina.core.StandardHostValve.invoke(StandardHostValve.java:139) [catalina.jar:9.0.31]
	at org.apache.catalina.valves.ErrorReportValve.invoke(ErrorReportValve.java:92) [catalina.jar:9.0.31]
	at org.apache.catalina.valves.AbstractAccessLogValve.invoke(AbstractAccessLogValve.java:688) [catalina.jar:9.0.31]
	at org.apache.catalina.core.StandardEngineValve.invoke(StandardEngineValve.java:74) [catalina.jar:9.0.31]
	at org.apache.catalina.connector.CoyoteAdapter.service(CoyoteAdapter.java:343) [catalina.jar:9.0.31]
	at org.apache.coyote.http11.Http11Processor.service(Http11Processor.java:367) [tomcat-coyote.jar:9.0.31]
	at org.apache.coyote.AbstractProcessorLight.process(AbstractProcessorLight.java:65) [tomcat-coyote.jar:9.0.31]
	at org.apache.coyote.AbstractProtocol$ConnectionHandler.process(AbstractProtocol.java:868) [tomcat-coyote.jar:9.0.31]
	at org.apache.tomcat.util.net.NioEndpoint$SocketProcessor.doRun(NioEndpoint.java:1639) [tomcat-coyote.jar:9.0.31]
	at org.apache.tomcat.util.net.SocketProcessorBase.run(SocketProcessorBase.java:49) [tomcat-coyote.jar:9.0.31]
	at java.util.concurrent.ThreadPoolExecutor.runWorker(Unknown Source) [?:1.8.0_241]
	at java.util.concurrent.ThreadPoolExecutor$Worker.run(Unknown Source) [?:1.8.0_241]
	at org.apache.tomcat.util.threads.TaskThread$WrappingRunnable.run(TaskThread.java:61) [tomcat-util.jar:9.0.31]
	at java.lang.Thread.run(Unknown Source) [?:1.8.0_241]
[WARN ] 2020-03-25 23:00:36.498 [http-nio-8080-exec-5] exceptionLogger - Failed to get reimbursments method 6: 
java.sql.SQLException: Cannot instantiate a SerialBlob object with a null Blob object
	at javax.sql.rowset.serial.SerialBlob.<init>(Unknown Source) ~[?:1.8.0_241]
	at com.revature.expenses.dao.implementations.ReimbursmentDAOImpl.objectBuilderJoin(ReimbursmentDAOImpl.java:358) ~[classes/:?]
	at com.revature.expenses.dao.implementations.ReimbursmentDAOImpl.list(ReimbursmentDAOImpl.java:225) [classes/:?]
	at com.revature.expenses.services.handlers.ReimbursmentHandler.list(ReimbursmentHandler.java:42) [classes/:?]
	at com.revature.expenses.api.commands.ReimbursmentListCommand.getList(ReimbursmentListCommand.java:44) [classes/:?]
	at com.revature.expenses.api.commands.ReimbursmentListCommand.process(ReimbursmentListCommand.java:25) [classes/:?]
	at com.revature.expenses.api.FrontController.doPost(FrontController.java:27) [classes/:?]
	at javax.servlet.http.HttpServlet.service(HttpServlet.java:660) [servlet-api.jar:?]
	at javax.servlet.http.HttpServlet.service(HttpServlet.java:741) [servlet-api.jar:?]
	at org.apache.catalina.core.ApplicationFilterChain.internalDoFilter(ApplicationFilterChain.java:231) [catalina.jar:9.0.31]
	at org.apache.catalina.core.ApplicationFilterChain.doFilter(ApplicationFilterChain.java:166) [catalina.jar:9.0.31]
	at org.apache.tomcat.websocket.server.WsFilter.doFilter(WsFilter.java:53) [tomcat-websocket.jar:9.0.31]
	at org.apache.catalina.core.ApplicationFilterChain.internalDoFilter(ApplicationFilterChain.java:193) [catalina.jar:9.0.31]
	at org.apache.catalina.core.ApplicationFilterChain.doFilter(ApplicationFilterChain.java:166) [catalina.jar:9.0.31]
	at com.revature.expenses.api.CORSFilter.doFilter(CORSFilter.java:51) [classes/:?]
	at org.apache.catalina.core.ApplicationFilterChain.internalDoFilter(ApplicationFilterChain.java:193) [catalina.jar:9.0.31]
	at org.apache.catalina.core.ApplicationFilterChain.doFilter(ApplicationFilterChain.java:166) [catalina.jar:9.0.31]
	at org.apache.catalina.core.StandardWrapperValve.invoke(StandardWrapperValve.java:202) [catalina.jar:9.0.31]
	at org.apache.catalina.core.StandardContextValve.invoke(StandardContextValve.java:96) [catalina.jar:9.0.31]
	at org.apache.catalina.authenticator.AuthenticatorBase.invoke(AuthenticatorBase.java:541) [catalina.jar:9.0.31]
	at org.apache.catalina.core.StandardHostValve.invoke(StandardHostValve.java:139) [catalina.jar:9.0.31]
	at org.apache.catalina.valves.ErrorReportValve.invoke(ErrorReportValve.java:92) [catalina.jar:9.0.31]
	at org.apache.catalina.valves.AbstractAccessLogValve.invoke(AbstractAccessLogValve.java:688) [catalina.jar:9.0.31]
	at org.apache.catalina.core.StandardEngineValve.invoke(StandardEngineValve.java:74) [catalina.jar:9.0.31]
	at org.apache.catalina.connector.CoyoteAdapter.service(CoyoteAdapter.java:343) [catalina.jar:9.0.31]
	at org.apache.coyote.http11.Http11Processor.service(Http11Processor.java:367) [tomcat-coyote.jar:9.0.31]
	at org.apache.coyote.AbstractProcessorLight.process(AbstractProcessorLight.java:65) [tomcat-coyote.jar:9.0.31]
	at org.apache.coyote.AbstractProtocol$ConnectionHandler.process(AbstractProtocol.java:868) [tomcat-coyote.jar:9.0.31]
	at org.apache.tomcat.util.net.NioEndpoint$SocketProcessor.doRun(NioEndpoint.java:1639) [tomcat-coyote.jar:9.0.31]
	at org.apache.tomcat.util.net.SocketProcessorBase.run(SocketProcessorBase.java:49) [tomcat-coyote.jar:9.0.31]
	at java.util.concurrent.ThreadPoolExecutor.runWorker(Unknown Source) [?:1.8.0_241]
	at java.util.concurrent.ThreadPoolExecutor$Worker.run(Unknown Source) [?:1.8.0_241]
	at org.apache.tomcat.util.threads.TaskThread$WrappingRunnable.run(TaskThread.java:61) [tomcat-util.jar:9.0.31]
	at java.lang.Thread.run(Unknown Source) [?:1.8.0_241]
[WARN ] 2020-03-25 23:00:41.749 [http-nio-8080-exec-2] exceptionLogger - Failed to get reimbursments method 6: 
java.sql.SQLException: Cannot instantiate a SerialBlob object with a null Blob object
	at javax.sql.rowset.serial.SerialBlob.<init>(Unknown Source) ~[?:1.8.0_241]
	at com.revature.expenses.dao.implementations.ReimbursmentDAOImpl.objectBuilderJoin(ReimbursmentDAOImpl.java:358) ~[classes/:?]
	at com.revature.expenses.dao.implementations.ReimbursmentDAOImpl.list(ReimbursmentDAOImpl.java:225) [classes/:?]
	at com.revature.expenses.services.handlers.ReimbursmentHandler.list(ReimbursmentHandler.java:42) [classes/:?]
	at com.revature.expenses.api.commands.ReimbursmentListCommand.getList(ReimbursmentListCommand.java:44) [classes/:?]
	at com.revature.expenses.api.commands.ReimbursmentListCommand.process(ReimbursmentListCommand.java:25) [classes/:?]
	at com.revature.expenses.api.FrontController.doPost(FrontController.java:27) [classes/:?]
	at javax.servlet.http.HttpServlet.service(HttpServlet.java:660) [servlet-api.jar:?]
	at javax.servlet.http.HttpServlet.service(HttpServlet.java:741) [servlet-api.jar:?]
	at org.apache.catalina.core.ApplicationFilterChain.internalDoFilter(ApplicationFilterChain.java:231) [catalina.jar:9.0.31]
	at org.apache.catalina.core.ApplicationFilterChain.doFilter(ApplicationFilterChain.java:166) [catalina.jar:9.0.31]
	at org.apache.tomcat.websocket.server.WsFilter.doFilter(WsFilter.java:53) [tomcat-websocket.jar:9.0.31]
	at org.apache.catalina.core.ApplicationFilterChain.internalDoFilter(ApplicationFilterChain.java:193) [catalina.jar:9.0.31]
	at org.apache.catalina.core.ApplicationFilterChain.doFilter(ApplicationFilterChain.java:166) [catalina.jar:9.0.31]
	at com.revature.expenses.api.CORSFilter.doFilter(CORSFilter.java:51) [classes/:?]
	at org.apache.catalina.core.ApplicationFilterChain.internalDoFilter(ApplicationFilterChain.java:193) [catalina.jar:9.0.31]
	at org.apache.catalina.core.ApplicationFilterChain.doFilter(ApplicationFilterChain.java:166) [catalina.jar:9.0.31]
	at org.apache.catalina.core.StandardWrapperValve.invoke(StandardWrapperValve.java:202) [catalina.jar:9.0.31]
	at org.apache.catalina.core.StandardContextValve.invoke(StandardContextValve.java:96) [catalina.jar:9.0.31]
	at org.apache.catalina.authenticator.AuthenticatorBase.invoke(AuthenticatorBase.java:541) [catalina.jar:9.0.31]
	at org.apache.catalina.core.StandardHostValve.invoke(StandardHostValve.java:139) [catalina.jar:9.0.31]
	at org.apache.catalina.valves.ErrorReportValve.invoke(ErrorReportValve.java:92) [catalina.jar:9.0.31]
	at org.apache.catalina.valves.AbstractAccessLogValve.invoke(AbstractAccessLogValve.java:688) [catalina.jar:9.0.31]
	at org.apache.catalina.core.StandardEngineValve.invoke(StandardEngineValve.java:74) [catalina.jar:9.0.31]
	at org.apache.catalina.connector.CoyoteAdapter.service(CoyoteAdapter.java:343) [catalina.jar:9.0.31]
	at org.apache.coyote.http11.Http11Processor.service(Http11Processor.java:367) [tomcat-coyote.jar:9.0.31]
	at org.apache.coyote.AbstractProcessorLight.process(AbstractProcessorLight.java:65) [tomcat-coyote.jar:9.0.31]
	at org.apache.coyote.AbstractProtocol$ConnectionHandler.process(AbstractProtocol.java:868) [tomcat-coyote.jar:9.0.31]
	at org.apache.tomcat.util.net.NioEndpoint$SocketProcessor.doRun(NioEndpoint.java:1639) [tomcat-coyote.jar:9.0.31]
	at org.apache.tomcat.util.net.SocketProcessorBase.run(SocketProcessorBase.java:49) [tomcat-coyote.jar:9.0.31]
	at java.util.concurrent.ThreadPoolExecutor.runWorker(Unknown Source) [?:1.8.0_241]
	at java.util.concurrent.ThreadPoolExecutor$Worker.run(Unknown Source) [?:1.8.0_241]
	at org.apache.tomcat.util.threads.TaskThread$WrappingRunnable.run(TaskThread.java:61) [tomcat-util.jar:9.0.31]
	at java.lang.Thread.run(Unknown Source) [?:1.8.0_241]
[WARN ] 2020-03-25 23:01:29.774 [http-nio-8080-exec-8] exceptionLogger - Login Failed, wrong password: bugsBunny
[WARN ] 2020-03-25 23:01:47.525 [http-nio-8080-exec-5] exceptionLogger - Failed to get reimbursments method 4:
java.sql.SQLException: Cannot instantiate a SerialBlob object with a null Blob object
	at javax.sql.rowset.serial.SerialBlob.<init>(Unknown Source) ~[?:1.8.0_241]
	at com.revature.expenses.dao.implementations.ReimbursmentDAOImpl.objectBuilderJoin(ReimbursmentDAOImpl.java:358) ~[classes/:?]
	at com.revature.expenses.dao.implementations.ReimbursmentDAOImpl.list(ReimbursmentDAOImpl.java:176) [classes/:?]
	at com.revature.expenses.services.handlers.ReimbursmentHandler.list(ReimbursmentHandler.java:36) [classes/:?]
	at com.revature.expenses.api.commands.ReimbursmentListCommand.getList(ReimbursmentListCommand.java:46) [classes/:?]
	at com.revature.expenses.api.commands.ReimbursmentListCommand.process(ReimbursmentListCommand.java:25) [classes/:?]
	at com.revature.expenses.api.FrontController.doPost(FrontController.java:27) [classes/:?]
	at javax.servlet.http.HttpServlet.service(HttpServlet.java:660) [servlet-api.jar:?]
	at javax.servlet.http.HttpServlet.service(HttpServlet.java:741) [servlet-api.jar:?]
	at org.apache.catalina.core.ApplicationFilterChain.internalDoFilter(ApplicationFilterChain.java:231) [catalina.jar:9.0.31]
	at org.apache.catalina.core.ApplicationFilterChain.doFilter(ApplicationFilterChain.java:166) [catalina.jar:9.0.31]
	at org.apache.tomcat.websocket.server.WsFilter.doFilter(WsFilter.java:53) [tomcat-websocket.jar:9.0.31]
	at org.apache.catalina.core.ApplicationFilterChain.internalDoFilter(ApplicationFilterChain.java:193) [catalina.jar:9.0.31]
	at org.apache.catalina.core.ApplicationFilterChain.doFilter(ApplicationFilterChain.java:166) [catalina.jar:9.0.31]
	at com.revature.expenses.api.CORSFilter.doFilter(CORSFilter.java:51) [classes/:?]
	at org.apache.catalina.core.ApplicationFilterChain.internalDoFilter(ApplicationFilterChain.java:193) [catalina.jar:9.0.31]
	at org.apache.catalina.core.ApplicationFilterChain.doFilter(ApplicationFilterChain.java:166) [catalina.jar:9.0.31]
	at org.apache.catalina.core.StandardWrapperValve.invoke(StandardWrapperValve.java:202) [catalina.jar:9.0.31]
	at org.apache.catalina.core.StandardContextValve.invoke(StandardContextValve.java:96) [catalina.jar:9.0.31]
	at org.apache.catalina.authenticator.AuthenticatorBase.invoke(AuthenticatorBase.java:541) [catalina.jar:9.0.31]
	at org.apache.catalina.core.StandardHostValve.invoke(StandardHostValve.java:139) [catalina.jar:9.0.31]
	at org.apache.catalina.valves.ErrorReportValve.invoke(ErrorReportValve.java:92) [catalina.jar:9.0.31]
	at org.apache.catalina.valves.AbstractAccessLogValve.invoke(AbstractAccessLogValve.java:688) [catalina.jar:9.0.31]
	at org.apache.catalina.core.StandardEngineValve.invoke(StandardEngineValve.java:74) [catalina.jar:9.0.31]
	at org.apache.catalina.connector.CoyoteAdapter.service(CoyoteAdapter.java:343) [catalina.jar:9.0.31]
	at org.apache.coyote.http11.Http11Processor.service(Http11Processor.java:367) [tomcat-coyote.jar:9.0.31]
	at org.apache.coyote.AbstractProcessorLight.process(AbstractProcessorLight.java:65) [tomcat-coyote.jar:9.0.31]
	at org.apache.coyote.AbstractProtocol$ConnectionHandler.process(AbstractProtocol.java:868) [tomcat-coyote.jar:9.0.31]
	at org.apache.tomcat.util.net.NioEndpoint$SocketProcessor.doRun(NioEndpoint.java:1639) [tomcat-coyote.jar:9.0.31]
	at org.apache.tomcat.util.net.SocketProcessorBase.run(SocketProcessorBase.java:49) [tomcat-coyote.jar:9.0.31]
	at java.util.concurrent.ThreadPoolExecutor.runWorker(Unknown Source) [?:1.8.0_241]
	at java.util.concurrent.ThreadPoolExecutor$Worker.run(Unknown Source) [?:1.8.0_241]
	at org.apache.tomcat.util.threads.TaskThread$WrappingRunnable.run(TaskThread.java:61) [tomcat-util.jar:9.0.31]
	at java.lang.Thread.run(Unknown Source) [?:1.8.0_241]
[WARN ] 2020-03-25 23:02:09.475 [http-nio-8080-exec-7] exceptionLogger - Failed to get reimbursments method 4:
java.sql.SQLException: Cannot instantiate a SerialBlob object with a null Blob object
	at javax.sql.rowset.serial.SerialBlob.<init>(Unknown Source) ~[?:1.8.0_241]
	at com.revature.expenses.dao.implementations.ReimbursmentDAOImpl.objectBuilderJoin(ReimbursmentDAOImpl.java:358) ~[classes/:?]
	at com.revature.expenses.dao.implementations.ReimbursmentDAOImpl.list(ReimbursmentDAOImpl.java:176) [classes/:?]
	at com.revature.expenses.services.handlers.ReimbursmentHandler.list(ReimbursmentHandler.java:36) [classes/:?]
	at com.revature.expenses.api.commands.ReimbursmentListCommand.getList(ReimbursmentListCommand.java:46) [classes/:?]
	at com.revature.expenses.api.commands.ReimbursmentListCommand.process(ReimbursmentListCommand.java:25) [classes/:?]
	at com.revature.expenses.api.FrontController.doPost(FrontController.java:27) [classes/:?]
	at javax.servlet.http.HttpServlet.service(HttpServlet.java:660) [servlet-api.jar:?]
	at javax.servlet.http.HttpServlet.service(HttpServlet.java:741) [servlet-api.jar:?]
	at org.apache.catalina.core.ApplicationFilterChain.internalDoFilter(ApplicationFilterChain.java:231) [catalina.jar:9.0.31]
	at org.apache.catalina.core.ApplicationFilterChain.doFilter(ApplicationFilterChain.java:166) [catalina.jar:9.0.31]
	at org.apache.tomcat.websocket.server.WsFilter.doFilter(WsFilter.java:53) [tomcat-websocket.jar:9.0.31]
	at org.apache.catalina.core.ApplicationFilterChain.internalDoFilter(ApplicationFilterChain.java:193) [catalina.jar:9.0.31]
	at org.apache.catalina.core.ApplicationFilterChain.doFilter(ApplicationFilterChain.java:166) [catalina.jar:9.0.31]
	at com.revature.expenses.api.CORSFilter.doFilter(CORSFilter.java:51) [classes/:?]
	at org.apache.catalina.core.ApplicationFilterChain.internalDoFilter(ApplicationFilterChain.java:193) [catalina.jar:9.0.31]
	at org.apache.catalina.core.ApplicationFilterChain.doFilter(ApplicationFilterChain.java:166) [catalina.jar:9.0.31]
	at org.apache.catalina.core.StandardWrapperValve.invoke(StandardWrapperValve.java:202) [catalina.jar:9.0.31]
	at org.apache.catalina.core.StandardContextValve.invoke(StandardContextValve.java:96) [catalina.jar:9.0.31]
	at org.apache.catalina.authenticator.AuthenticatorBase.invoke(AuthenticatorBase.java:541) [catalina.jar:9.0.31]
	at org.apache.catalina.core.StandardHostValve.invoke(StandardHostValve.java:139) [catalina.jar:9.0.31]
	at org.apache.catalina.valves.ErrorReportValve.invoke(ErrorReportValve.java:92) [catalina.jar:9.0.31]
	at org.apache.catalina.valves.AbstractAccessLogValve.invoke(AbstractAccessLogValve.java:688) [catalina.jar:9.0.31]
	at org.apache.catalina.core.StandardEngineValve.invoke(StandardEngineValve.java:74) [catalina.jar:9.0.31]
	at org.apache.catalina.connector.CoyoteAdapter.service(CoyoteAdapter.java:343) [catalina.jar:9.0.31]
	at org.apache.coyote.http11.Http11Processor.service(Http11Processor.java:367) [tomcat-coyote.jar:9.0.31]
	at org.apache.coyote.AbstractProcessorLight.process(AbstractProcessorLight.java:65) [tomcat-coyote.jar:9.0.31]
	at org.apache.coyote.AbstractProtocol$ConnectionHandler.process(AbstractProtocol.java:868) [tomcat-coyote.jar:9.0.31]
	at org.apache.tomcat.util.net.NioEndpoint$SocketProcessor.doRun(NioEndpoint.java:1639) [tomcat-coyote.jar:9.0.31]
	at org.apache.tomcat.util.net.SocketProcessorBase.run(SocketProcessorBase.java:49) [tomcat-coyote.jar:9.0.31]
	at java.util.concurrent.ThreadPoolExecutor.runWorker(Unknown Source) [?:1.8.0_241]
	at java.util.concurrent.ThreadPoolExecutor$Worker.run(Unknown Source) [?:1.8.0_241]
	at org.apache.tomcat.util.threads.TaskThread$WrappingRunnable.run(TaskThread.java:61) [tomcat-util.jar:9.0.31]
	at java.lang.Thread.run(Unknown Source) [?:1.8.0_241]
[WARN ] 2020-03-25 23:02:24.244 [http-nio-8080-exec-1] exceptionLogger - Failed to get reimbursments method 6: 
java.sql.SQLException: Cannot instantiate a SerialBlob object with a null Blob object
	at javax.sql.rowset.serial.SerialBlob.<init>(Unknown Source) ~[?:1.8.0_241]
	at com.revature.expenses.dao.implementations.ReimbursmentDAOImpl.objectBuilderJoin(ReimbursmentDAOImpl.java:358) ~[classes/:?]
	at com.revature.expenses.dao.implementations.ReimbursmentDAOImpl.list(ReimbursmentDAOImpl.java:225) [classes/:?]
	at com.revature.expenses.services.handlers.ReimbursmentHandler.list(ReimbursmentHandler.java:42) [classes/:?]
	at com.revature.expenses.api.commands.ReimbursmentListCommand.getList(ReimbursmentListCommand.java:44) [classes/:?]
	at com.revature.expenses.api.commands.ReimbursmentListCommand.process(ReimbursmentListCommand.java:25) [classes/:?]
	at com.revature.expenses.api.FrontController.doPost(FrontController.java:27) [classes/:?]
	at javax.servlet.http.HttpServlet.service(HttpServlet.java:660) [servlet-api.jar:?]
	at javax.servlet.http.HttpServlet.service(HttpServlet.java:741) [servlet-api.jar:?]
	at org.apache.catalina.core.ApplicationFilterChain.internalDoFilter(ApplicationFilterChain.java:231) [catalina.jar:9.0.31]
	at org.apache.catalina.core.ApplicationFilterChain.doFilter(ApplicationFilterChain.java:166) [catalina.jar:9.0.31]
	at org.apache.tomcat.websocket.server.WsFilter.doFilter(WsFilter.java:53) [tomcat-websocket.jar:9.0.31]
	at org.apache.catalina.core.ApplicationFilterChain.internalDoFilter(ApplicationFilterChain.java:193) [catalina.jar:9.0.31]
	at org.apache.catalina.core.ApplicationFilterChain.doFilter(ApplicationFilterChain.java:166) [catalina.jar:9.0.31]
	at com.revature.expenses.api.CORSFilter.doFilter(CORSFilter.java:51) [classes/:?]
	at org.apache.catalina.core.ApplicationFilterChain.internalDoFilter(ApplicationFilterChain.java:193) [catalina.jar:9.0.31]
	at org.apache.catalina.core.ApplicationFilterChain.doFilter(ApplicationFilterChain.java:166) [catalina.jar:9.0.31]
	at org.apache.catalina.core.StandardWrapperValve.invoke(StandardWrapperValve.java:202) [catalina.jar:9.0.31]
	at org.apache.catalina.core.StandardContextValve.invoke(StandardContextValve.java:96) [catalina.jar:9.0.31]
	at org.apache.catalina.authenticator.AuthenticatorBase.invoke(AuthenticatorBase.java:541) [catalina.jar:9.0.31]
	at org.apache.catalina.core.StandardHostValve.invoke(StandardHostValve.java:139) [catalina.jar:9.0.31]
	at org.apache.catalina.valves.ErrorReportValve.invoke(ErrorReportValve.java:92) [catalina.jar:9.0.31]
	at org.apache.catalina.valves.AbstractAccessLogValve.invoke(AbstractAccessLogValve.java:688) [catalina.jar:9.0.31]
	at org.apache.catalina.core.StandardEngineValve.invoke(StandardEngineValve.java:74) [catalina.jar:9.0.31]
	at org.apache.catalina.connector.CoyoteAdapter.service(CoyoteAdapter.java:343) [catalina.jar:9.0.31]
	at org.apache.coyote.http11.Http11Processor.service(Http11Processor.java:367) [tomcat-coyote.jar:9.0.31]
	at org.apache.coyote.AbstractProcessorLight.process(AbstractProcessorLight.java:65) [tomcat-coyote.jar:9.0.31]
	at org.apache.coyote.AbstractProtocol$ConnectionHandler.process(AbstractProtocol.java:868) [tomcat-coyote.jar:9.0.31]
	at org.apache.tomcat.util.net.NioEndpoint$SocketProcessor.doRun(NioEndpoint.java:1639) [tomcat-coyote.jar:9.0.31]
	at org.apache.tomcat.util.net.SocketProcessorBase.run(SocketProcessorBase.java:49) [tomcat-coyote.jar:9.0.31]
	at java.util.concurrent.ThreadPoolExecutor.runWorker(Unknown Source) [?:1.8.0_241]
	at java.util.concurrent.ThreadPoolExecutor$Worker.run(Unknown Source) [?:1.8.0_241]
	at org.apache.tomcat.util.threads.TaskThread$WrappingRunnable.run(TaskThread.java:61) [tomcat-util.jar:9.0.31]
	at java.lang.Thread.run(Unknown Source) [?:1.8.0_241]
[WARN ] 2020-03-25 23:03:54.866 [http-nio-8080-exec-5] exceptionLogger - Failed to get reimbursments method 4:
java.sql.SQLException: Cannot instantiate a SerialBlob object with a null Blob object
	at javax.sql.rowset.serial.SerialBlob.<init>(Unknown Source) ~[?:1.8.0_241]
	at com.revature.expenses.dao.implementations.ReimbursmentDAOImpl.objectBuilderJoin(ReimbursmentDAOImpl.java:358) ~[classes/:?]
	at com.revature.expenses.dao.implementations.ReimbursmentDAOImpl.list(ReimbursmentDAOImpl.java:176) [classes/:?]
	at com.revature.expenses.services.handlers.ReimbursmentHandler.list(ReimbursmentHandler.java:36) [classes/:?]
	at com.revature.expenses.api.commands.ReimbursmentListCommand.getList(ReimbursmentListCommand.java:46) [classes/:?]
	at com.revature.expenses.api.commands.ReimbursmentListCommand.process(ReimbursmentListCommand.java:25) [classes/:?]
	at com.revature.expenses.api.FrontController.doPost(FrontController.java:27) [classes/:?]
	at javax.servlet.http.HttpServlet.service(HttpServlet.java:660) [servlet-api.jar:?]
	at javax.servlet.http.HttpServlet.service(HttpServlet.java:741) [servlet-api.jar:?]
	at org.apache.catalina.core.ApplicationFilterChain.internalDoFilter(ApplicationFilterChain.java:231) [catalina.jar:9.0.31]
	at org.apache.catalina.core.ApplicationFilterChain.doFilter(ApplicationFilterChain.java:166) [catalina.jar:9.0.31]
	at org.apache.tomcat.websocket.server.WsFilter.doFilter(WsFilter.java:53) [tomcat-websocket.jar:9.0.31]
	at org.apache.catalina.core.ApplicationFilterChain.internalDoFilter(ApplicationFilterChain.java:193) [catalina.jar:9.0.31]
	at org.apache.catalina.core.ApplicationFilterChain.doFilter(ApplicationFilterChain.java:166) [catalina.jar:9.0.31]
	at com.revature.expenses.api.CORSFilter.doFilter(CORSFilter.java:51) [classes/:?]
	at org.apache.catalina.core.ApplicationFilterChain.internalDoFilter(ApplicationFilterChain.java:193) [catalina.jar:9.0.31]
	at org.apache.catalina.core.ApplicationFilterChain.doFilter(ApplicationFilterChain.java:166) [catalina.jar:9.0.31]
	at org.apache.catalina.core.StandardWrapperValve.invoke(StandardWrapperValve.java:202) [catalina.jar:9.0.31]
	at org.apache.catalina.core.StandardContextValve.invoke(StandardContextValve.java:96) [catalina.jar:9.0.31]
	at org.apache.catalina.authenticator.AuthenticatorBase.invoke(AuthenticatorBase.java:541) [catalina.jar:9.0.31]
	at org.apache.catalina.core.StandardHostValve.invoke(StandardHostValve.java:139) [catalina.jar:9.0.31]
	at org.apache.catalina.valves.ErrorReportValve.invoke(ErrorReportValve.java:92) [catalina.jar:9.0.31]
	at org.apache.catalina.valves.AbstractAccessLogValve.invoke(AbstractAccessLogValve.java:688) [catalina.jar:9.0.31]
	at org.apache.catalina.core.StandardEngineValve.invoke(StandardEngineValve.java:74) [catalina.jar:9.0.31]
	at org.apache.catalina.connector.CoyoteAdapter.service(CoyoteAdapter.java:343) [catalina.jar:9.0.31]
	at org.apache.coyote.http11.Http11Processor.service(Http11Processor.java:367) [tomcat-coyote.jar:9.0.31]
	at org.apache.coyote.AbstractProcessorLight.process(AbstractProcessorLight.java:65) [tomcat-coyote.jar:9.0.31]
	at org.apache.coyote.AbstractProtocol$ConnectionHandler.process(AbstractProtocol.java:868) [tomcat-coyote.jar:9.0.31]
	at org.apache.tomcat.util.net.NioEndpoint$SocketProcessor.doRun(NioEndpoint.java:1639) [tomcat-coyote.jar:9.0.31]
	at org.apache.tomcat.util.net.SocketProcessorBase.run(SocketProcessorBase.java:49) [tomcat-coyote.jar:9.0.31]
	at java.util.concurrent.ThreadPoolExecutor.runWorker(Unknown Source) [?:1.8.0_241]
	at java.util.concurrent.ThreadPoolExecutor$Worker.run(Unknown Source) [?:1.8.0_241]
	at org.apache.tomcat.util.threads.TaskThread$WrappingRunnable.run(TaskThread.java:61) [tomcat-util.jar:9.0.31]
	at java.lang.Thread.run(Unknown Source) [?:1.8.0_241]
[WARN ] 2020-03-25 23:03:56.330 [http-nio-8080-exec-4] exceptionLogger - Failed to get reimbursments method 4:
java.sql.SQLException: Cannot instantiate a SerialBlob object with a null Blob object
	at javax.sql.rowset.serial.SerialBlob.<init>(Unknown Source) ~[?:1.8.0_241]
	at com.revature.expenses.dao.implementations.ReimbursmentDAOImpl.objectBuilderJoin(ReimbursmentDAOImpl.java:358) ~[classes/:?]
	at com.revature.expenses.dao.implementations.ReimbursmentDAOImpl.list(ReimbursmentDAOImpl.java:176) [classes/:?]
	at com.revature.expenses.services.handlers.ReimbursmentHandler.list(ReimbursmentHandler.java:36) [classes/:?]
	at com.revature.expenses.api.commands.ReimbursmentListCommand.getList(ReimbursmentListCommand.java:46) [classes/:?]
	at com.revature.expenses.api.commands.ReimbursmentListCommand.process(ReimbursmentListCommand.java:25) [classes/:?]
	at com.revature.expenses.api.FrontController.doPost(FrontController.java:27) [classes/:?]
	at javax.servlet.http.HttpServlet.service(HttpServlet.java:660) [servlet-api.jar:?]
	at javax.servlet.http.HttpServlet.service(HttpServlet.java:741) [servlet-api.jar:?]
	at org.apache.catalina.core.ApplicationFilterChain.internalDoFilter(ApplicationFilterChain.java:231) [catalina.jar:9.0.31]
	at org.apache.catalina.core.ApplicationFilterChain.doFilter(ApplicationFilterChain.java:166) [catalina.jar:9.0.31]
	at org.apache.tomcat.websocket.server.WsFilter.doFilter(WsFilter.java:53) [tomcat-websocket.jar:9.0.31]
	at org.apache.catalina.core.ApplicationFilterChain.internalDoFilter(ApplicationFilterChain.java:193) [catalina.jar:9.0.31]
	at org.apache.catalina.core.ApplicationFilterChain.doFilter(ApplicationFilterChain.java:166) [catalina.jar:9.0.31]
	at com.revature.expenses.api.CORSFilter.doFilter(CORSFilter.java:51) [classes/:?]
	at org.apache.catalina.core.ApplicationFilterChain.internalDoFilter(ApplicationFilterChain.java:193) [catalina.jar:9.0.31]
	at org.apache.catalina.core.ApplicationFilterChain.doFilter(ApplicationFilterChain.java:166) [catalina.jar:9.0.31]
	at org.apache.catalina.core.StandardWrapperValve.invoke(StandardWrapperValve.java:202) [catalina.jar:9.0.31]
	at org.apache.catalina.core.StandardContextValve.invoke(StandardContextValve.java:96) [catalina.jar:9.0.31]
	at org.apache.catalina.authenticator.AuthenticatorBase.invoke(AuthenticatorBase.java:541) [catalina.jar:9.0.31]
	at org.apache.catalina.core.StandardHostValve.invoke(StandardHostValve.java:139) [catalina.jar:9.0.31]
	at org.apache.catalina.valves.ErrorReportValve.invoke(ErrorReportValve.java:92) [catalina.jar:9.0.31]
	at org.apache.catalina.valves.AbstractAccessLogValve.invoke(AbstractAccessLogValve.java:688) [catalina.jar:9.0.31]
	at org.apache.catalina.core.StandardEngineValve.invoke(StandardEngineValve.java:74) [catalina.jar:9.0.31]
	at org.apache.catalina.connector.CoyoteAdapter.service(CoyoteAdapter.java:343) [catalina.jar:9.0.31]
	at org.apache.coyote.http11.Http11Processor.service(Http11Processor.java:367) [tomcat-coyote.jar:9.0.31]
	at org.apache.coyote.AbstractProcessorLight.process(AbstractProcessorLight.java:65) [tomcat-coyote.jar:9.0.31]
	at org.apache.coyote.AbstractProtocol$ConnectionHandler.process(AbstractProtocol.java:868) [tomcat-coyote.jar:9.0.31]
	at org.apache.tomcat.util.net.NioEndpoint$SocketProcessor.doRun(NioEndpoint.java:1639) [tomcat-coyote.jar:9.0.31]
	at org.apache.tomcat.util.net.SocketProcessorBase.run(SocketProcessorBase.java:49) [tomcat-coyote.jar:9.0.31]
	at java.util.concurrent.ThreadPoolExecutor.runWorker(Unknown Source) [?:1.8.0_241]
	at java.util.concurrent.ThreadPoolExecutor$Worker.run(Unknown Source) [?:1.8.0_241]
	at org.apache.tomcat.util.threads.TaskThread$WrappingRunnable.run(TaskThread.java:61) [tomcat-util.jar:9.0.31]
	at java.lang.Thread.run(Unknown Source) [?:1.8.0_241]
[WARN ] 2020-03-25 23:06:24.294 [http-nio-8080-exec-5] exceptionLogger - Failed to get reimbursments method 4:
java.sql.SQLException: Cannot instantiate a SerialBlob object with a null Blob object
	at javax.sql.rowset.serial.SerialBlob.<init>(Unknown Source) ~[?:1.8.0_241]
	at com.revature.expenses.dao.implementations.ReimbursmentDAOImpl.objectBuilderJoin(ReimbursmentDAOImpl.java:364) ~[classes/:?]
	at com.revature.expenses.dao.implementations.ReimbursmentDAOImpl.list(ReimbursmentDAOImpl.java:179) [classes/:?]
	at com.revature.expenses.services.handlers.ReimbursmentHandler.list(ReimbursmentHandler.java:36) [classes/:?]
	at com.revature.expenses.api.commands.ReimbursmentListCommand.getList(ReimbursmentListCommand.java:46) [classes/:?]
	at com.revature.expenses.api.commands.ReimbursmentListCommand.process(ReimbursmentListCommand.java:25) [classes/:?]
	at com.revature.expenses.api.FrontController.doPost(FrontController.java:27) [classes/:?]
	at javax.servlet.http.HttpServlet.service(HttpServlet.java:660) [servlet-api.jar:?]
	at javax.servlet.http.HttpServlet.service(HttpServlet.java:741) [servlet-api.jar:?]
	at org.apache.catalina.core.ApplicationFilterChain.internalDoFilter(ApplicationFilterChain.java:231) [catalina.jar:9.0.31]
	at org.apache.catalina.core.ApplicationFilterChain.doFilter(ApplicationFilterChain.java:166) [catalina.jar:9.0.31]
	at org.apache.tomcat.websocket.server.WsFilter.doFilter(WsFilter.java:53) [tomcat-websocket.jar:9.0.31]
	at org.apache.catalina.core.ApplicationFilterChain.internalDoFilter(ApplicationFilterChain.java:193) [catalina.jar:9.0.31]
	at org.apache.catalina.core.ApplicationFilterChain.doFilter(ApplicationFilterChain.java:166) [catalina.jar:9.0.31]
	at com.revature.expenses.api.CORSFilter.doFilter(CORSFilter.java:51) [classes/:?]
	at org.apache.catalina.core.ApplicationFilterChain.internalDoFilter(ApplicationFilterChain.java:193) [catalina.jar:9.0.31]
	at org.apache.catalina.core.ApplicationFilterChain.doFilter(ApplicationFilterChain.java:166) [catalina.jar:9.0.31]
	at org.apache.catalina.core.StandardWrapperValve.invoke(StandardWrapperValve.java:202) [catalina.jar:9.0.31]
	at org.apache.catalina.core.StandardContextValve.invoke(StandardContextValve.java:96) [catalina.jar:9.0.31]
	at org.apache.catalina.authenticator.AuthenticatorBase.invoke(AuthenticatorBase.java:541) [catalina.jar:9.0.31]
	at org.apache.catalina.core.StandardHostValve.invoke(StandardHostValve.java:139) [catalina.jar:9.0.31]
	at org.apache.catalina.valves.ErrorReportValve.invoke(ErrorReportValve.java:92) [catalina.jar:9.0.31]
	at org.apache.catalina.valves.AbstractAccessLogValve.invoke(AbstractAccessLogValve.java:688) [catalina.jar:9.0.31]
	at org.apache.catalina.core.StandardEngineValve.invoke(StandardEngineValve.java:74) [catalina.jar:9.0.31]
	at org.apache.catalina.connector.CoyoteAdapter.service(CoyoteAdapter.java:343) [catalina.jar:9.0.31]
	at org.apache.coyote.http11.Http11Processor.service(Http11Processor.java:367) [tomcat-coyote.jar:9.0.31]
	at org.apache.coyote.AbstractProcessorLight.process(AbstractProcessorLight.java:65) [tomcat-coyote.jar:9.0.31]
	at org.apache.coyote.AbstractProtocol$ConnectionHandler.process(AbstractProtocol.java:868) [tomcat-coyote.jar:9.0.31]
	at org.apache.tomcat.util.net.NioEndpoint$SocketProcessor.doRun(NioEndpoint.java:1639) [tomcat-coyote.jar:9.0.31]
	at org.apache.tomcat.util.net.SocketProcessorBase.run(SocketProcessorBase.java:49) [tomcat-coyote.jar:9.0.31]
	at java.util.concurrent.ThreadPoolExecutor.runWorker(Unknown Source) [?:1.8.0_241]
	at java.util.concurrent.ThreadPoolExecutor$Worker.run(Unknown Source) [?:1.8.0_241]
	at org.apache.tomcat.util.threads.TaskThread$WrappingRunnable.run(TaskThread.java:61) [tomcat-util.jar:9.0.31]
	at java.lang.Thread.run(Unknown Source) [?:1.8.0_241]
[WARN ] 2020-03-25 23:08:04.993 [http-nio-8080-exec-6] exceptionLogger - Failed to get reimbursments method 4:
java.sql.SQLException: Cannot instantiate a SerialBlob object with a null Blob object
	at javax.sql.rowset.serial.SerialBlob.<init>(Unknown Source) ~[?:1.8.0_241]
	at com.revature.expenses.dao.implementations.ReimbursmentDAOImpl.objectBuilderJoin(ReimbursmentDAOImpl.java:364) ~[classes/:?]
	at com.revature.expenses.dao.implementations.ReimbursmentDAOImpl.list(ReimbursmentDAOImpl.java:179) [classes/:?]
	at com.revature.expenses.services.handlers.ReimbursmentHandler.list(ReimbursmentHandler.java:36) [classes/:?]
	at com.revature.expenses.api.commands.ReimbursmentListCommand.getList(ReimbursmentListCommand.java:47) [classes/:?]
	at com.revature.expenses.api.commands.ReimbursmentListCommand.process(ReimbursmentListCommand.java:25) [classes/:?]
	at com.revature.expenses.api.FrontController.doPost(FrontController.java:27) [classes/:?]
	at javax.servlet.http.HttpServlet.service(HttpServlet.java:660) [servlet-api.jar:?]
	at javax.servlet.http.HttpServlet.service(HttpServlet.java:741) [servlet-api.jar:?]
	at org.apache.catalina.core.ApplicationFilterChain.internalDoFilter(ApplicationFilterChain.java:231) [catalina.jar:9.0.31]
	at org.apache.catalina.core.ApplicationFilterChain.doFilter(ApplicationFilterChain.java:166) [catalina.jar:9.0.31]
	at org.apache.tomcat.websocket.server.WsFilter.doFilter(WsFilter.java:53) [tomcat-websocket.jar:9.0.31]
	at org.apache.catalina.core.ApplicationFilterChain.internalDoFilter(ApplicationFilterChain.java:193) [catalina.jar:9.0.31]
	at org.apache.catalina.core.ApplicationFilterChain.doFilter(ApplicationFilterChain.java:166) [catalina.jar:9.0.31]
	at com.revature.expenses.api.CORSFilter.doFilter(CORSFilter.java:51) [classes/:?]
	at org.apache.catalina.core.ApplicationFilterChain.internalDoFilter(ApplicationFilterChain.java:193) [catalina.jar:9.0.31]
	at org.apache.catalina.core.ApplicationFilterChain.doFilter(ApplicationFilterChain.java:166) [catalina.jar:9.0.31]
	at org.apache.catalina.core.StandardWrapperValve.invoke(StandardWrapperValve.java:202) [catalina.jar:9.0.31]
	at org.apache.catalina.core.StandardContextValve.invoke(StandardContextValve.java:96) [catalina.jar:9.0.31]
	at org.apache.catalina.authenticator.AuthenticatorBase.invoke(AuthenticatorBase.java:541) [catalina.jar:9.0.31]
	at org.apache.catalina.core.StandardHostValve.invoke(StandardHostValve.java:139) [catalina.jar:9.0.31]
	at org.apache.catalina.valves.ErrorReportValve.invoke(ErrorReportValve.java:92) [catalina.jar:9.0.31]
	at org.apache.catalina.valves.AbstractAccessLogValve.invoke(AbstractAccessLogValve.java:688) [catalina.jar:9.0.31]
	at org.apache.catalina.core.StandardEngineValve.invoke(StandardEngineValve.java:74) [catalina.jar:9.0.31]
	at org.apache.catalina.connector.CoyoteAdapter.service(CoyoteAdapter.java:343) [catalina.jar:9.0.31]
	at org.apache.coyote.http11.Http11Processor.service(Http11Processor.java:367) [tomcat-coyote.jar:9.0.31]
	at org.apache.coyote.AbstractProcessorLight.process(AbstractProcessorLight.java:65) [tomcat-coyote.jar:9.0.31]
	at org.apache.coyote.AbstractProtocol$ConnectionHandler.process(AbstractProtocol.java:868) [tomcat-coyote.jar:9.0.31]
	at org.apache.tomcat.util.net.NioEndpoint$SocketProcessor.doRun(NioEndpoint.java:1639) [tomcat-coyote.jar:9.0.31]
	at org.apache.tomcat.util.net.SocketProcessorBase.run(SocketProcessorBase.java:49) [tomcat-coyote.jar:9.0.31]
	at java.util.concurrent.ThreadPoolExecutor.runWorker(Unknown Source) [?:1.8.0_241]
	at java.util.concurrent.ThreadPoolExecutor$Worker.run(Unknown Source) [?:1.8.0_241]
	at org.apache.tomcat.util.threads.TaskThread$WrappingRunnable.run(TaskThread.java:61) [tomcat-util.jar:9.0.31]
	at java.lang.Thread.run(Unknown Source) [?:1.8.0_241]
[WARN ] 2020-03-25 23:11:48.809 [main] exceptionLogger - Failed to get reimbursments method 3:
java.sql.SQLException: Cannot instantiate a SerialBlob object with a null Blob object
	at javax.sql.rowset.serial.SerialBlob.<init>(Unknown Source) ~[?:1.8.0_241]
	at com.revature.expenses.dao.implementations.ReimbursmentDAOImpl.objectBuilderJoin(ReimbursmentDAOImpl.java:364) ~[classes/:?]
	at com.revature.expenses.dao.implementations.ReimbursmentDAOImpl.list(ReimbursmentDAOImpl.java:154) [classes/:?]
	at com.revature.expenses.services.handlers.ReimbursmentHandler.list(ReimbursmentHandler.java:33) [classes/:?]
	at com.revature.expenses.Driver.main(Driver.java:8) [classes/:?]
[WARN ] 2020-03-25 23:16:45.887 [main] exceptionLogger - Failed to get reimbursments method 3:
java.sql.SQLSyntaxErrorException: ORA-00907: missing right parenthesis

	at oracle.jdbc.driver.T4CTTIoer11.processError(T4CTTIoer11.java:494) ~[ojdbc8-12.2.0.1.jar:12.2.0.1.0]
	at oracle.jdbc.driver.T4CTTIoer11.processError(T4CTTIoer11.java:446) ~[ojdbc8-12.2.0.1.jar:12.2.0.1.0]
	at oracle.jdbc.driver.T4C8Oall.processError(T4C8Oall.java:1054) ~[ojdbc8-12.2.0.1.jar:12.2.0.1.0]
	at oracle.jdbc.driver.T4CTTIfun.receive(T4CTTIfun.java:623) ~[ojdbc8-12.2.0.1.jar:12.2.0.1.0]
	at oracle.jdbc.driver.T4CTTIfun.doRPC(T4CTTIfun.java:252) ~[ojdbc8-12.2.0.1.jar:12.2.0.1.0]
	at oracle.jdbc.driver.T4C8Oall.doOALL(T4C8Oall.java:612) ~[ojdbc8-12.2.0.1.jar:12.2.0.1.0]
	at oracle.jdbc.driver.T4CPreparedStatement.doOall8(T4CPreparedStatement.java:226) ~[ojdbc8-12.2.0.1.jar:12.2.0.1.0]
	at oracle.jdbc.driver.T4CPreparedStatement.doOall8(T4CPreparedStatement.java:59) ~[ojdbc8-12.2.0.1.jar:12.2.0.1.0]
	at oracle.jdbc.driver.T4CPreparedStatement.executeForDescribe(T4CPreparedStatement.java:747) ~[ojdbc8-12.2.0.1.jar:12.2.0.1.0]
	at oracle.jdbc.driver.OracleStatement.executeMaybeDescribe(OracleStatement.java:904) ~[ojdbc8-12.2.0.1.jar:12.2.0.1.0]
	at oracle.jdbc.driver.OracleStatement.doExecuteWithTimeout(OracleStatement.java:1082) ~[ojdbc8-12.2.0.1.jar:12.2.0.1.0]
	at oracle.jdbc.driver.OraclePreparedStatement.executeInternal(OraclePreparedStatement.java:3780) ~[ojdbc8-12.2.0.1.jar:12.2.0.1.0]
	at oracle.jdbc.driver.T4CPreparedStatement.executeInternal(T4CPreparedStatement.java:1343) ~[ojdbc8-12.2.0.1.jar:12.2.0.1.0]
	at oracle.jdbc.driver.OraclePreparedStatement.executeQuery(OraclePreparedStatement.java:3822) ~[ojdbc8-12.2.0.1.jar:12.2.0.1.0]
	at oracle.jdbc.driver.OraclePreparedStatementWrapper.executeQuery(OraclePreparedStatementWrapper.java:1165) ~[ojdbc8-12.2.0.1.jar:12.2.0.1.0]
	at com.revature.expenses.dao.implementations.ReimbursmentDAOImpl.list(ReimbursmentDAOImpl.java:153) [classes/:?]
	at com.revature.expenses.services.handlers.ReimbursmentHandler.list(ReimbursmentHandler.java:33) [classes/:?]
	at com.revature.expenses.Driver.main(Driver.java:8) [classes/:?]
Caused by: oracle.jdbc.OracleDatabaseException: ORA-00907: missing right parenthesis

	at oracle.jdbc.driver.T4CTTIoer11.processError(T4CTTIoer11.java:498) ~[ojdbc8-12.2.0.1.jar:12.2.0.1.0]
	... 17 more
[WARN ] 2020-03-25 23:22:16.516 [main] exceptionLogger - Failed to get reimbursments method 3:
java.sql.SQLSyntaxErrorException: ORA-00918: column ambiguously defined

	at oracle.jdbc.driver.T4CTTIoer11.processError(T4CTTIoer11.java:494) ~[ojdbc8-12.2.0.1.jar:12.2.0.1.0]
	at oracle.jdbc.driver.T4CTTIoer11.processError(T4CTTIoer11.java:446) ~[ojdbc8-12.2.0.1.jar:12.2.0.1.0]
	at oracle.jdbc.driver.T4C8Oall.processError(T4C8Oall.java:1054) ~[ojdbc8-12.2.0.1.jar:12.2.0.1.0]
	at oracle.jdbc.driver.T4CTTIfun.receive(T4CTTIfun.java:623) ~[ojdbc8-12.2.0.1.jar:12.2.0.1.0]
	at oracle.jdbc.driver.T4CTTIfun.doRPC(T4CTTIfun.java:252) ~[ojdbc8-12.2.0.1.jar:12.2.0.1.0]
	at oracle.jdbc.driver.T4C8Oall.doOALL(T4C8Oall.java:612) ~[ojdbc8-12.2.0.1.jar:12.2.0.1.0]
	at oracle.jdbc.driver.T4CPreparedStatement.doOall8(T4CPreparedStatement.java:226) ~[ojdbc8-12.2.0.1.jar:12.2.0.1.0]
	at oracle.jdbc.driver.T4CPreparedStatement.doOall8(T4CPreparedStatement.java:59) ~[ojdbc8-12.2.0.1.jar:12.2.0.1.0]
	at oracle.jdbc.driver.T4CPreparedStatement.executeForDescribe(T4CPreparedStatement.java:747) ~[ojdbc8-12.2.0.1.jar:12.2.0.1.0]
	at oracle.jdbc.driver.OracleStatement.executeMaybeDescribe(OracleStatement.java:904) ~[ojdbc8-12.2.0.1.jar:12.2.0.1.0]
	at oracle.jdbc.driver.OracleStatement.doExecuteWithTimeout(OracleStatement.java:1082) ~[ojdbc8-12.2.0.1.jar:12.2.0.1.0]
	at oracle.jdbc.driver.OraclePreparedStatement.executeInternal(OraclePreparedStatement.java:3780) ~[ojdbc8-12.2.0.1.jar:12.2.0.1.0]
	at oracle.jdbc.driver.T4CPreparedStatement.executeInternal(T4CPreparedStatement.java:1343) ~[ojdbc8-12.2.0.1.jar:12.2.0.1.0]
	at oracle.jdbc.driver.OraclePreparedStatement.executeQuery(OraclePreparedStatement.java:3822) ~[ojdbc8-12.2.0.1.jar:12.2.0.1.0]
	at oracle.jdbc.driver.OraclePreparedStatementWrapper.executeQuery(OraclePreparedStatementWrapper.java:1165) ~[ojdbc8-12.2.0.1.jar:12.2.0.1.0]
	at com.revature.expenses.dao.implementations.ReimbursmentDAOImpl.list(ReimbursmentDAOImpl.java:153) [classes/:?]
	at com.revature.expenses.services.handlers.ReimbursmentHandler.list(ReimbursmentHandler.java:33) [classes/:?]
	at com.revature.expenses.Driver.main(Driver.java:8) [classes/:?]
Caused by: oracle.jdbc.OracleDatabaseException: ORA-00918: column ambiguously defined

	at oracle.jdbc.driver.T4CTTIoer11.processError(T4CTTIoer11.java:498) ~[ojdbc8-12.2.0.1.jar:12.2.0.1.0]
	... 17 more
